#
# There is insufficient memory for the Java Runtime Environment to continue.
# Native memory allocation (malloc) failed to allocate 1519536 bytes for Chunk::new
# Possible reasons:
#   The system is out of physical RAM or swap space
#   The process is running with CompressedOops enabled, and the Java Heap may be blocking the growth of the native heap
# Possible solutions:
#   Reduce memory load on the system
#   Increase physical memory or swap space
#   Check if swap backing store is full
#   Decrease Java heap size (-Xmx/-Xms)
#   Decrease number of Java threads
#   Decrease Java thread stack sizes (-Xss)
#   Set larger code cache with -XX:ReservedCodeCacheSize=
#   JVM is running with Unscaled Compressed Oops mode in which the Java heap is
#     placed in the first 4GB address space. The Java Heap base address is the
#     maximum limit for the native heap growth. Please use -XX:HeapBaseMinAddress
#     to set the Java Heap base and to place the Java Heap above 4GB virtual address.
# This output file may be truncated or incomplete.
#
#  Out of Memory Error (./src/hotspot/share/memory/arena.cpp:197), pid=78540, tid=98844
#
# JRE version: OpenJDK Runtime Environment (11.0.12+7) (build 11.0.12+7-b1504.28-7817840)
# Java VM: OpenJDK 64-Bit Server VM (11.0.12+7-b1504.28-7817840, mixed mode, tiered, compressed oops, g1 gc, windows-amd64)
# No core dump will be written. Minidumps are not enabled by default on client versions of Windows
#

---------------  S U M M A R Y ------------

Command Line: --add-opens=java.base/java.util=ALL-UNNAMED --add-opens=java.base/java.lang=ALL-UNNAMED --add-opens=java.base/java.lang.invoke=ALL-UNNAMED --add-opens=java.base/java.util=ALL-UNNAMED --add-opens=java.prefs/java.util.prefs=ALL-UNNAMED --add-opens=java.prefs/java.util.prefs=ALL-UNNAMED --add-opens=java.base/java.nio.charset=ALL-UNNAMED --add-opens=java.base/java.net=ALL-UNNAMED --add-opens=java.base/java.util.concurrent.atomic=ALL-UNNAMED -Xmx2048m -Dfile.encoding=UTF-8 -Duser.country=CN -Duser.language=zh -Duser.variant org.gradle.launcher.daemon.bootstrap.GradleDaemon 7.3.3

Host: Intel(R) Core(TM) i7-1065G7 CPU @ 1.30GHz, 8 cores, 15G,  Windows 10 , 64 bit Build 22000 (10.0.22000.708)
Time: Thu Aug 25 17:14:05 2022 中国标准时间 elapsed time: 7.586840 seconds (0d 0h 0m 7s)

---------------  T H R E A D  ---------------

Current thread (0x00000153b1216000):  JavaThread "C2 CompilerThread1" daemon [_thread_in_native, id=98844, stack(0x0000002851a00000,0x0000002851b00000)]


Current CompileTask:
C2:   7586 5962   !   4       java.util.jar.Attributes::read (390 bytes)

Stack: [0x0000002851a00000,0x0000002851b00000]
Native frames: (J=compiled Java code, j=interpreted, Vv=VM code, C=native code)
V  [jvm.dll+0x5fbcea]
V  [jvm.dll+0x731905]
V  [jvm.dll+0x732f1d]
V  [jvm.dll+0x7335d3]
V  [jvm.dll+0x247bf8]
V  [jvm.dll+0xc018c]
V  [jvm.dll+0xc06cc]
V  [jvm.dll+0x35b2db]
V  [jvm.dll+0x328803]
V  [jvm.dll+0x327cfa]
V  [jvm.dll+0x200602]
V  [jvm.dll+0x1ff794]
V  [jvm.dll+0x18868c]
V  [jvm.dll+0x20e0d7]
V  [jvm.dll+0x20c901]
V  [jvm.dll+0x6f9b7f]
V  [jvm.dll+0x6f26a5]
V  [jvm.dll+0x5fabf6]
C  [ucrtbase.dll+0x26c0c]
C  [KERNEL32.DLL+0x154e0]
C  [ntdll.dll+0x485b]


---------------  P R O C E S S  ---------------

Threads class SMR info:
_java_thread_list=0x00000153b4f98dd0, length=124, elements={
0x000001539163e800, 0x00000153adabd800, 0x00000153ae2fe000, 0x00000153ae36d800,
0x00000153ae36e800, 0x00000153ae372000, 0x00000153ae375800, 0x00000153ae37c800,
0x00000153ae37e000, 0x00000153ae4e8000, 0x00000153afe5e800, 0x00000153af2d8800,
0x00000153b07b8000, 0x00000153ae5e9800, 0x00000153aea56800, 0x00000153b0847800,
0x00000153b0493800, 0x00000153af83c800, 0x00000153af83d800, 0x00000153b0b69800,
0x00000153b0b67000, 0x00000153b0b68000, 0x00000153b0b68800, 0x00000153b1216000,
0x00000153b133b800, 0x00000153b133a000, 0x00000153b1340800, 0x00000153b133c000,
0x00000153b1342800, 0x00000153b133d000, 0x00000153b133e000, 0x00000153b1343800,
0x00000153b1344800, 0x00000153b1347000, 0x00000153b1342000, 0x00000153b1348800,
0x00000153b3812000, 0x00000153b3814800, 0x00000153b3815800, 0x00000153b3813000,
0x00000153b380f800, 0x00000153b3816800, 0x00000153b3810800, 0x00000153b3814000,
0x00000153b3811800, 0x00000153b381b000, 0x00000153b381c000, 0x00000153b3818000,
0x00000153b381d000, 0x00000153b3817000, 0x00000153b381d800, 0x00000153b3818800,
0x00000153b381a800, 0x00000153b3819800, 0x00000153b381e800, 0x00000153b3606000,
0x00000153b3609800, 0x00000153b3607000, 0x00000153b3603800, 0x00000153b3608800,
0x00000153b360a000, 0x00000153b3604800, 0x00000153b360b000, 0x00000153b3605000,
0x00000153b360d800, 0x00000153b360b800, 0x00000153b3607800, 0x00000153b360c800,
0x00000153b360e000, 0x00000153b3610800, 0x00000153b3611800, 0x00000153b3612000,
0x00000153b360f000, 0x00000153b3610000, 0x00000153aeea7000, 0x00000153aeeab000,
0x00000153aeea8000, 0x00000153aeeac000, 0x00000153aeea8800, 0x00000153aeeaa000,
0x00000153aeea9800, 0x00000153aeea6000, 0x00000153aeeb0000, 0x00000153aeeac800,
0x00000153aeeb0800, 0x00000153aeeb3000, 0x00000153aeead800, 0x00000153aeeb4000,
0x00000153aeeae800, 0x00000153aeeb2800, 0x00000153aeeb1800, 0x00000153aeeb5000,
0x00000153aeeaf000, 0x00000153b3750800, 0x00000153b3754000, 0x00000153b3751800,
0x00000153b3754800, 0x00000153b3755800, 0x00000153b3752000, 0x00000153b3753000,
0x00000153b374f800, 0x00000153b375c000, 0x00000153b3758000, 0x00000153b3759800,
0x00000153b3756000, 0x00000153b375a800, 0x00000153b375b000, 0x00000153b375d000,
0x00000153b3757000, 0x00000153b375d800, 0x00000153b375e800, 0x00000153b3758800,
0x00000153b412a800, 0x00000153b4128000, 0x00000153b412b000, 0x00000153b4129800,
0x00000153b412c000, 0x00000153b4126800, 0x00000153b412d000, 0x00000153b4127000,
0x00000153b412d800, 0x00000153b4128800, 0x00000153b4133800, 0x00000153b4132800
}

Java Threads: ( => current thread )
  0x000001539163e800 JavaThread "main" [_thread_blocked, id=103360, stack(0x000000284f400000,0x000000284f500000)]
  0x00000153adabd800 JavaThread "Reference Handler" daemon [_thread_blocked, id=95636, stack(0x000000284fb00000,0x000000284fc00000)]
  0x00000153ae2fe000 JavaThread "Finalizer" daemon [_thread_blocked, id=92088, stack(0x000000284fc00000,0x000000284fd00000)]
  0x00000153ae36d800 JavaThread "Signal Dispatcher" daemon [_thread_blocked, id=99048, stack(0x000000284fd00000,0x000000284fe00000)]
  0x00000153ae36e800 JavaThread "Attach Listener" daemon [_thread_blocked, id=34476, stack(0x000000284fe00000,0x000000284ff00000)]
  0x00000153ae372000 JavaThread "Service Thread" daemon [_thread_blocked, id=99892, stack(0x000000284ff00000,0x0000002850000000)]
  0x00000153ae375800 JavaThread "C2 CompilerThread0" daemon [_thread_in_native, id=102260, stack(0x0000002850000000,0x0000002850100000)]
  0x00000153ae37c800 JavaThread "C1 CompilerThread0" daemon [_thread_blocked, id=93056, stack(0x0000002850100000,0x0000002850200000)]
  0x00000153ae37e000 JavaThread "Sweeper thread" daemon [_thread_blocked, id=101772, stack(0x0000002850200000,0x0000002850300000)]
  0x00000153ae4e8000 JavaThread "Common-Cleaner" daemon [_thread_blocked, id=98536, stack(0x0000002850300000,0x0000002850400000)]
  0x00000153afe5e800 JavaThread "Daemon health stats" [_thread_blocked, id=102800, stack(0x0000002850c00000,0x0000002850d00000)]
  0x00000153af2d8800 JavaThread "Incoming local TCP Connector on port 55747" [_thread_in_native, id=96664, stack(0x0000002850500000,0x0000002850600000)]
  0x00000153b07b8000 JavaThread "Daemon periodic checks" [_thread_blocked, id=82536, stack(0x0000002850600000,0x0000002850700000)]
  0x00000153ae5e9800 JavaThread "Daemon" [_thread_blocked, id=64964, stack(0x0000002850d00000,0x0000002850e00000)]
  0x00000153aea56800 JavaThread "Handler for socket connection from /127.0.0.1:55747 to /127.0.0.1:55748" [_thread_in_native, id=93264, stack(0x0000002850e00000,0x0000002850f00000)]
  0x00000153b0847800 JavaThread "Cancel handler" [_thread_blocked, id=94040, stack(0x0000002850f00000,0x0000002851000000)]
  0x00000153b0493800 JavaThread "Daemon worker" [_thread_in_vm, id=91420, stack(0x0000002851000000,0x0000002851100000)]
  0x00000153af83c800 JavaThread "Asynchronous log dispatcher for DefaultDaemonConnection: socket connection from /127.0.0.1:55747 to /127.0.0.1:55748" [_thread_blocked, id=92520, stack(0x0000002851100000,0x0000002851200000)]
  0x00000153af83d800 JavaThread "Stdin handler" [_thread_blocked, id=90780, stack(0x0000002851200000,0x0000002851300000)]
  0x00000153b0b69800 JavaThread "Daemon client event forwarder" [_thread_blocked, id=89712, stack(0x0000002851300000,0x0000002851400000)]
  0x00000153b0b67000 JavaThread "Cache worker for journal cache (C:\Users\IRIDESCENT\.gradle\caches\journal-1)" [_thread_blocked, id=95312, stack(0x0000002851400000,0x0000002851500000)]
  0x00000153b0b68000 JavaThread "File lock request listener" [_thread_in_native, id=1168, stack(0x0000002851500000,0x0000002851600000)]
  0x00000153b0b68800 JavaThread "Cache worker for file hash cache (C:\Users\IRIDESCENT\.gradle\caches\7.3.3\fileHashes)" [_thread_blocked, id=96180, stack(0x0000002851600000,0x0000002851700000)]
=>0x00000153b1216000 JavaThread "C2 CompilerThread1" daemon [_thread_in_native, id=98844, stack(0x0000002851a00000,0x0000002851b00000)]
  0x00000153b133b800 JavaThread "Cache worker for file hash cache (D:\XiangMu\Fragment2\.gradle\7.3.3\fileHashes)" [_thread_blocked, id=100552, stack(0x0000002851b00000,0x0000002851c00000)]
  0x00000153b133a000 JavaThread "File watcher server" daemon [_thread_in_native, id=87824, stack(0x0000002851c00000,0x0000002851d00000)]
  0x00000153b1340800 JavaThread "File watcher consumer" daemon [_thread_blocked, id=100460, stack(0x0000002851d00000,0x0000002851e00000)]
  0x00000153b133c000 JavaThread "Cache worker for checksums cache (D:\XiangMu\Fragment2\.gradle\7.3.3\checksums)" [_thread_blocked, id=96644, stack(0x0000002851e00000,0x0000002851f00000)]
  0x00000153b1342800 JavaThread "Cache worker for cache directory md-supplier (C:\Users\IRIDESCENT\.gradle\caches\7.3.3\md-supplier)" [_thread_blocked, id=101340, stack(0x0000002852000000,0x0000002852100000)]
  0x00000153b133d000 JavaThread "Cache worker for cache directory md-rule (C:\Users\IRIDESCENT\.gradle\caches\7.3.3\md-rule)" [_thread_blocked, id=25796, stack(0x0000002852100000,0x0000002852200000)]
  0x00000153b133e000 JavaThread "Cache worker for execution history cache (C:\Users\IRIDESCENT\.gradle\caches\7.3.3\executionHistory)" [_thread_blocked, id=102468, stack(0x0000002852200000,0x0000002852300000)]
  0x00000153b1343800 JavaThread "jar transforms" [_thread_blocked, id=98812, stack(0x0000002852300000,0x0000002852400000)]
  0x00000153b1344800 JavaThread "Cache worker for file content cache (C:\Users\IRIDESCENT\.gradle\caches\7.3.3\fileContent)" [_thread_blocked, id=42404, stack(0x0000002852400000,0x0000002852500000)]
  0x00000153b1347000 JavaThread "jar transforms Thread 2" [_thread_blocked, id=93300, stack(0x0000002852500000,0x0000002852600000)]
  0x00000153b1342000 JavaThread "Cache worker for dependencies-accessors (D:\XiangMu\Fragment2\.gradle\7.3.3\dependencies-accessors)" [_thread_blocked, id=100004, stack(0x0000002852600000,0x0000002852700000)]
  0x00000153b1348800 JavaThread "jar transforms Thread 3" [_thread_blocked, id=30588, stack(0x0000002852700000,0x0000002852800000)]
  0x00000153b3812000 JavaThread "Cache worker for Build Output Cleanup Cache (D:\XiangMu\Fragment2\.gradle\buildOutputCleanup)" [_thread_blocked, id=100792, stack(0x0000002852800000,0x0000002852900000)]
  0x00000153b3814800 JavaThread "Unconstrained build operations" [_thread_blocked, id=99728, stack(0x0000002852900000,0x0000002852a00000)]
  0x00000153b3815800 JavaThread "Unconstrained build operations Thread 2" [_thread_blocked, id=84060, stack(0x0000002852a00000,0x0000002852b00000)]
  0x00000153b3813000 JavaThread "Unconstrained build operations Thread 3" [_thread_blocked, id=14944, stack(0x0000002852b00000,0x0000002852c00000)]
  0x00000153b380f800 JavaThread "Unconstrained build operations Thread 4" [_thread_blocked, id=96212, stack(0x0000002852c00000,0x0000002852d00000)]
  0x00000153b3816800 JavaThread "Unconstrained build operations Thread 5" [_thread_blocked, id=66032, stack(0x0000002852d00000,0x0000002852e00000)]
  0x00000153b3810800 JavaThread "Unconstrained build operations Thread 6" [_thread_blocked, id=81628, stack(0x0000002852e00000,0x0000002852f00000)]
  0x00000153b3814000 JavaThread "Unconstrained build operations Thread 7" [_thread_blocked, id=28528, stack(0x0000002852f00000,0x0000002853000000)]
  0x00000153b3811800 JavaThread "Unconstrained build operations Thread 8" [_thread_blocked, id=69180, stack(0x0000002853000000,0x0000002853100000)]
  0x00000153b381b000 JavaThread "Unconstrained build operations Thread 9" [_thread_blocked, id=68636, stack(0x0000002853100000,0x0000002853200000)]
  0x00000153b381c000 JavaThread "Unconstrained build operations Thread 10" [_thread_blocked, id=65088, stack(0x0000002853200000,0x0000002853300000)]
  0x00000153b3818000 JavaThread "Unconstrained build operations Thread 11" [_thread_blocked, id=81528, stack(0x0000002853300000,0x0000002853400000)]
  0x00000153b381d000 JavaThread "Unconstrained build operations Thread 12" [_thread_blocked, id=81860, stack(0x0000002853400000,0x0000002853500000)]
  0x00000153b3817000 JavaThread "Unconstrained build operations Thread 13" [_thread_blocked, id=100160, stack(0x0000002853500000,0x0000002853600000)]
  0x00000153b381d800 JavaThread "Unconstrained build operations Thread 14" [_thread_blocked, id=98368, stack(0x0000002853600000,0x0000002853700000)]
  0x00000153b3818800 JavaThread "Unconstrained build operations Thread 15" [_thread_blocked, id=101268, stack(0x0000002853700000,0x0000002853800000)]
  0x00000153b381a800 JavaThread "Unconstrained build operations Thread 16" [_thread_blocked, id=100208, stack(0x0000002853800000,0x0000002853900000)]
  0x00000153b3819800 JavaThread "Unconstrained build operations Thread 17" [_thread_blocked, id=97204, stack(0x0000002853900000,0x0000002853a00000)]
  0x00000153b381e800 JavaThread "Unconstrained build operations Thread 18" [_thread_blocked, id=97772, stack(0x0000002853a00000,0x0000002853b00000)]
  0x00000153b3606000 JavaThread "Unconstrained build operations Thread 19" [_thread_blocked, id=78956, stack(0x0000002853b00000,0x0000002853c00000)]
  0x00000153b3609800 JavaThread "Unconstrained build operations Thread 20" [_thread_blocked, id=101840, stack(0x0000002853c00000,0x0000002853d00000)]
  0x00000153b3607000 JavaThread "Unconstrained build operations Thread 21" [_thread_blocked, id=101436, stack(0x0000002853d00000,0x0000002853e00000)]
  0x00000153b3603800 JavaThread "Unconstrained build operations Thread 22" [_thread_blocked, id=89584, stack(0x0000002853e00000,0x0000002853f00000)]
  0x00000153b3608800 JavaThread "Unconstrained build operations Thread 23" [_thread_blocked, id=101796, stack(0x0000002853f00000,0x0000002854000000)]
  0x00000153b360a000 JavaThread "Unconstrained build operations Thread 24" [_thread_blocked, id=102272, stack(0x0000002854000000,0x0000002854100000)]
  0x00000153b3604800 JavaThread "Unconstrained build operations Thread 25" [_thread_blocked, id=103272, stack(0x0000002854100000,0x0000002854200000)]
  0x00000153b360b000 JavaThread "Unconstrained build operations Thread 26" [_thread_blocked, id=100428, stack(0x0000002854200000,0x0000002854300000)]
  0x00000153b3605000 JavaThread "Unconstrained build operations Thread 27" [_thread_blocked, id=100796, stack(0x0000002854300000,0x0000002854400000)]
  0x00000153b360d800 JavaThread "Unconstrained build operations Thread 28" [_thread_blocked, id=99772, stack(0x0000002854400000,0x0000002854500000)]
  0x00000153b360b800 JavaThread "Unconstrained build operations Thread 29" [_thread_blocked, id=82664, stack(0x0000002854500000,0x0000002854600000)]
  0x00000153b3607800 JavaThread "Unconstrained build operations Thread 30" [_thread_blocked, id=45476, stack(0x0000002854600000,0x0000002854700000)]
  0x00000153b360c800 JavaThread "Unconstrained build operations Thread 31" [_thread_blocked, id=88644, stack(0x0000002854700000,0x0000002854800000)]
  0x00000153b360e000 JavaThread "Unconstrained build operations Thread 32" [_thread_blocked, id=102096, stack(0x0000002854800000,0x0000002854900000)]
  0x00000153b3610800 JavaThread "Unconstrained build operations Thread 33" [_thread_blocked, id=100632, stack(0x0000002854900000,0x0000002854a00000)]
  0x00000153b3611800 JavaThread "Unconstrained build operations Thread 34" [_thread_blocked, id=102064, stack(0x0000002854a00000,0x0000002854b00000)]
  0x00000153b3612000 JavaThread "Unconstrained build operations Thread 35" [_thread_blocked, id=101440, stack(0x0000002854b00000,0x0000002854c00000)]
  0x00000153b360f000 JavaThread "Unconstrained build operations Thread 36" [_thread_blocked, id=95148, stack(0x0000002854c00000,0x0000002854d00000)]
  0x00000153b3610000 JavaThread "Unconstrained build operations Thread 37" [_thread_blocked, id=100404, stack(0x0000002854d00000,0x0000002854e00000)]
  0x00000153aeea7000 JavaThread "Unconstrained build operations Thread 38" [_thread_blocked, id=84572, stack(0x0000002854e00000,0x0000002854f00000)]
  0x00000153aeeab000 JavaThread "Unconstrained build operations Thread 39" [_thread_blocked, id=88168, stack(0x0000002854f00000,0x0000002855000000)]
  0x00000153aeea8000 JavaThread "Unconstrained build operations Thread 40" [_thread_blocked, id=42536, stack(0x0000002855000000,0x0000002855100000)]
  0x00000153aeeac000 JavaThread "Unconstrained build operations Thread 41" [_thread_blocked, id=98532, stack(0x0000002855100000,0x0000002855200000)]
  0x00000153aeea8800 JavaThread "Unconstrained build operations Thread 42" [_thread_blocked, id=96560, stack(0x0000002855200000,0x0000002855300000)]
  0x00000153aeeaa000 JavaThread "Unconstrained build operations Thread 43" [_thread_blocked, id=97332, stack(0x0000002855300000,0x0000002855400000)]
  0x00000153aeea9800 JavaThread "Unconstrained build operations Thread 44" [_thread_blocked, id=99932, stack(0x0000002855400000,0x0000002855500000)]
  0x00000153aeea6000 JavaThread "Unconstrained build operations Thread 45" [_thread_blocked, id=18312, stack(0x0000002855500000,0x0000002855600000)]
  0x00000153aeeb0000 JavaThread "Unconstrained build operations Thread 46" [_thread_blocked, id=77020, stack(0x0000002855600000,0x0000002855700000)]
  0x00000153aeeac800 JavaThread "Unconstrained build operations Thread 47" [_thread_blocked, id=98004, stack(0x0000002855700000,0x0000002855800000)]
  0x00000153aeeb0800 JavaThread "Unconstrained build operations Thread 48" [_thread_blocked, id=100296, stack(0x0000002855800000,0x0000002855900000)]
  0x00000153aeeb3000 JavaThread "Unconstrained build operations Thread 49" [_thread_blocked, id=96940, stack(0x0000002855900000,0x0000002855a00000)]
  0x00000153aeead800 JavaThread "Unconstrained build operations Thread 50" [_thread_blocked, id=87580, stack(0x0000002855a00000,0x0000002855b00000)]
  0x00000153aeeb4000 JavaThread "Unconstrained build operations Thread 51" [_thread_blocked, id=92288, stack(0x0000002855b00000,0x0000002855c00000)]
  0x00000153aeeae800 JavaThread "Unconstrained build operations Thread 52" [_thread_blocked, id=101404, stack(0x0000002855c00000,0x0000002855d00000)]
  0x00000153aeeb2800 JavaThread "Unconstrained build operations Thread 53" [_thread_blocked, id=8156, stack(0x0000002855d00000,0x0000002855e00000)]
  0x00000153aeeb1800 JavaThread "Unconstrained build operations Thread 54" [_thread_blocked, id=99748, stack(0x0000002855e00000,0x0000002855f00000)]
  0x00000153aeeb5000 JavaThread "Unconstrained build operations Thread 55" [_thread_blocked, id=39584, stack(0x0000002855f00000,0x0000002856000000)]
  0x00000153aeeaf000 JavaThread "Unconstrained build operations Thread 56" [_thread_blocked, id=84544, stack(0x0000002856000000,0x0000002856100000)]
  0x00000153b3750800 JavaThread "Unconstrained build operations Thread 57" [_thread_blocked, id=93632, stack(0x0000002856100000,0x0000002856200000)]
  0x00000153b3754000 JavaThread "Unconstrained build operations Thread 58" [_thread_blocked, id=99888, stack(0x0000002856200000,0x0000002856300000)]
  0x00000153b3751800 JavaThread "Unconstrained build operations Thread 59" [_thread_blocked, id=93424, stack(0x0000002856300000,0x0000002856400000)]
  0x00000153b3754800 JavaThread "Unconstrained build operations Thread 60" [_thread_blocked, id=67248, stack(0x0000002856400000,0x0000002856500000)]
  0x00000153b3755800 JavaThread "Unconstrained build operations Thread 61" [_thread_blocked, id=102528, stack(0x0000002856500000,0x0000002856600000)]
  0x00000153b3752000 JavaThread "Unconstrained build operations Thread 62" [_thread_blocked, id=15308, stack(0x0000002856600000,0x0000002856700000)]
  0x00000153b3753000 JavaThread "Unconstrained build operations Thread 63" [_thread_blocked, id=9888, stack(0x0000002856700000,0x0000002856800000)]
  0x00000153b374f800 JavaThread "Unconstrained build operations Thread 64" [_thread_blocked, id=32220, stack(0x0000002856800000,0x0000002856900000)]
  0x00000153b375c000 JavaThread "Unconstrained build operations Thread 65" [_thread_blocked, id=75732, stack(0x0000002856900000,0x0000002856a00000)]
  0x00000153b3758000 JavaThread "Unconstrained build operations Thread 66" [_thread_blocked, id=97276, stack(0x0000002856a00000,0x0000002856b00000)]
  0x00000153b3759800 JavaThread "Unconstrained build operations Thread 67" [_thread_blocked, id=102660, stack(0x0000002856b00000,0x0000002856c00000)]
  0x00000153b3756000 JavaThread "Unconstrained build operations Thread 68" [_thread_blocked, id=26996, stack(0x0000002856c00000,0x0000002856d00000)]
  0x00000153b375a800 JavaThread "Unconstrained build operations Thread 69" [_thread_blocked, id=99200, stack(0x0000002856d00000,0x0000002856e00000)]
  0x00000153b375b000 JavaThread "Unconstrained build operations Thread 70" [_thread_blocked, id=80360, stack(0x0000002856e00000,0x0000002856f00000)]
  0x00000153b375d000 JavaThread "Unconstrained build operations Thread 71" [_thread_blocked, id=59168, stack(0x0000002856f00000,0x0000002857000000)]
  0x00000153b3757000 JavaThread "Unconstrained build operations Thread 72" [_thread_blocked, id=27720, stack(0x0000002857000000,0x0000002857100000)]
  0x00000153b375d800 JavaThread "Unconstrained build operations Thread 73" [_thread_blocked, id=8396, stack(0x0000002857100000,0x0000002857200000)]
  0x00000153b375e800 JavaThread "Unconstrained build operations Thread 74" [_thread_blocked, id=67656, stack(0x0000002857200000,0x0000002857300000)]
  0x00000153b3758800 JavaThread "Unconstrained build operations Thread 75" [_thread_blocked, id=82996, stack(0x0000002857300000,0x0000002857400000)]
  0x00000153b412a800 JavaThread "Unconstrained build operations Thread 76" [_thread_blocked, id=96136, stack(0x0000002857400000,0x0000002857500000)]
  0x00000153b4128000 JavaThread "Unconstrained build operations Thread 77" [_thread_blocked, id=26016, stack(0x0000002857500000,0x0000002857600000)]
  0x00000153b412b000 JavaThread "Unconstrained build operations Thread 78" [_thread_blocked, id=100708, stack(0x0000002857600000,0x0000002857700000)]
  0x00000153b4129800 JavaThread "Unconstrained build operations Thread 79" [_thread_blocked, id=96048, stack(0x0000002857700000,0x0000002857800000)]
  0x00000153b412c000 JavaThread "Unconstrained build operations Thread 80" [_thread_blocked, id=74516, stack(0x0000002857800000,0x0000002857900000)]
  0x00000153b4126800 JavaThread "jar transforms Thread 4" [_thread_blocked, id=95552, stack(0x0000002857900000,0x0000002857a00000)]
  0x00000153b412d000 JavaThread "jar transforms Thread 5" [_thread_blocked, id=99984, stack(0x0000002857a00000,0x0000002857b00000)]
  0x00000153b4127000 JavaThread "jar transforms Thread 6" [_thread_blocked, id=16824, stack(0x0000002857b00000,0x0000002857c00000)]
  0x00000153b412d800 JavaThread "jar transforms Thread 7" [_thread_blocked, id=21080, stack(0x0000002857c00000,0x0000002857d00000)]
  0x00000153b4128800 JavaThread "jar transforms Thread 8" [_thread_blocked, id=101956, stack(0x0000002857d00000,0x0000002857e00000)]
  0x00000153b4133800 JavaThread "C2 CompilerThread2" daemon [_thread_in_native, id=100380, stack(0x0000002851f00000,0x0000002852000000)]
  0x00000153b4132800 JavaThread "Memory manager" [_thread_blocked, id=29228, stack(0x0000002857e00000,0x0000002857f00000)]

Other Threads:
  0x00000153adab9000 VMThread "VM Thread" [stack: 0x000000284fa00000,0x000000284fb00000] [id=102388]
  0x00000153ae502000 WatcherThread [stack: 0x0000002850400000,0x0000002850500000] [id=90924]
  0x000001539165a000 GCTaskThread "GC Thread#0" [stack: 0x000000284f500000,0x000000284f600000] [id=83460]
  0x00000153af3a0800 GCTaskThread "GC Thread#1" [stack: 0x0000002850700000,0x0000002850800000] [id=95748]
  0x00000153aec1e000 GCTaskThread "GC Thread#2" [stack: 0x0000002850800000,0x0000002850900000] [id=102352]
  0x00000153af00e800 GCTaskThread "GC Thread#3" [stack: 0x0000002850900000,0x0000002850a00000] [id=102612]
  0x00000153aeb7d000 GCTaskThread "GC Thread#4" [stack: 0x0000002850a00000,0x0000002850b00000] [id=95416]
  0x00000153aeb7d800 GCTaskThread "GC Thread#5" [stack: 0x0000002850b00000,0x0000002850c00000] [id=3820]
  0x00000153af91e000 GCTaskThread "GC Thread#6" [stack: 0x0000002851700000,0x0000002851800000] [id=91760]
  0x00000153af25b800 GCTaskThread "GC Thread#7" [stack: 0x0000002851800000,0x0000002851900000] [id=81564]
  0x000001539168a800 ConcurrentGCThread "G1 Main Marker" [stack: 0x000000284f600000,0x000000284f700000] [id=84736]
  0x000001539168d800 ConcurrentGCThread "G1 Conc#0" [stack: 0x000000284f700000,0x000000284f800000] [id=78024]
  0x00000153b0a7d000 ConcurrentGCThread "G1 Conc#1" [stack: 0x0000002851900000,0x0000002851a00000] [id=19560]
  0x00000153ad93e800 ConcurrentGCThread "G1 Refine#0" [stack: 0x000000284f800000,0x000000284f900000] [id=94556]
  0x00000153ad941000 ConcurrentGCThread "G1 Young RemSet Sampling" [stack: 0x000000284f900000,0x000000284fa00000] [id=81024]

Threads with active compile tasks:
C2 CompilerThread0   7610 6044       4       sun.security.provider.SHA2::implCompress0 (466 bytes)
C1 CompilerThread0   7610 6049       3       java.lang.ClassLoader::postDefineClass (39 bytes)
C2 CompilerThread1   7610 5962   !   4       java.util.jar.Attributes::read (390 bytes)
C2 CompilerThread2   7611 6046       4       java.util.HashMap$EntryIterator::next (5 bytes)

VM state:not at safepoint (normal execution)

VM Mutex/Monitor currently owned by a thread: None

Heap address: 0x0000000080000000, size: 2048 MB, Compressed Oops mode: 32-bit
Narrow klass base: 0x0000000000000000, Narrow klass shift: 3
Compressed class space size: 1073741824 Address: 0x0000000100000000

Heap:
 garbage-first heap   total 260096K, used 66730K [0x0000000080000000, 0x0000000100000000)
  region size 1024K, 25 young (25600K), 3 survivors (3072K)
 Metaspace       used 61231K, capacity 62590K, committed 62720K, reserved 1103872K
  class space    used 7789K, capacity 8346K, committed 8448K, reserved 1048576K
Heap Regions: E=young(eden), S=young(survivor), O=old, HS=humongous(starts), HC=humongous(continues), CS=collection set, F=free, A=archive, TAMS=top-at-mark-start (previous, next)
|   0|0x0000000080000000, 0x0000000080100000, 0x0000000080100000|100%| O|  |TAMS 0x0000000080100000, 0x0000000080000000| Untracked 
|   1|0x0000000080100000, 0x0000000080200000, 0x0000000080200000|100%| O|  |TAMS 0x0000000080200000, 0x0000000080100000| Untracked 
|   2|0x0000000080200000, 0x0000000080300000, 0x0000000080300000|100%| O|  |TAMS 0x0000000080300000, 0x0000000080200000| Untracked 
|   3|0x0000000080300000, 0x0000000080400000, 0x0000000080400000|100%|HS|  |TAMS 0x0000000080400000, 0x0000000080300000| Complete 
|   4|0x0000000080400000, 0x0000000080500000, 0x0000000080500000|100%|HC|  |TAMS 0x0000000080500000, 0x0000000080400000| Complete 
|   5|0x0000000080500000, 0x0000000080600000, 0x0000000080600000|100%|HC|  |TAMS 0x0000000080600000, 0x0000000080500000| Complete 
|   6|0x0000000080600000, 0x0000000080700000, 0x0000000080700000|100%| O|  |TAMS 0x0000000080700000, 0x0000000080600000| Untracked 
|   7|0x0000000080700000, 0x0000000080800000, 0x0000000080800000|100%| O|  |TAMS 0x0000000080800000, 0x0000000080700000| Untracked 
|   8|0x0000000080800000, 0x0000000080900000, 0x0000000080900000|100%| O|  |TAMS 0x0000000080900000, 0x0000000080800000| Untracked 
|   9|0x0000000080900000, 0x0000000080a00000, 0x0000000080a00000|100%| O|  |TAMS 0x0000000080a00000, 0x0000000080900000| Untracked 
|  10|0x0000000080a00000, 0x0000000080b00000, 0x0000000080b00000|100%| O|  |TAMS 0x0000000080b00000, 0x0000000080a00000| Untracked 
|  11|0x0000000080b00000, 0x0000000080c00000, 0x0000000080c00000|100%| O|  |TAMS 0x0000000080c00000, 0x0000000080b00000| Untracked 
|  12|0x0000000080c00000, 0x0000000080d00000, 0x0000000080d00000|100%| O|  |TAMS 0x0000000080d00000, 0x0000000080c00000| Untracked 
|  13|0x0000000080d00000, 0x0000000080e00000, 0x0000000080e00000|100%| O|  |TAMS 0x0000000080e00000, 0x0000000080d00000| Untracked 
|  14|0x0000000080e00000, 0x0000000080f00000, 0x0000000080f00000|100%| O|  |TAMS 0x0000000080f00000, 0x0000000080e00000| Untracked 
|  15|0x0000000080f00000, 0x0000000081000000, 0x0000000081000000|100%| O|  |TAMS 0x0000000081000000, 0x0000000080f00000| Untracked 
|  16|0x0000000081000000, 0x0000000081100000, 0x0000000081100000|100%| O|  |TAMS 0x0000000081100000, 0x0000000081000000| Untracked 
|  17|0x0000000081100000, 0x0000000081200000, 0x0000000081200000|100%|HS|  |TAMS 0x0000000081200000, 0x0000000081100000| Complete 
|  18|0x0000000081200000, 0x0000000081300000, 0x0000000081300000|100%|HS|  |TAMS 0x0000000081300000, 0x0000000081200000| Complete 
|  19|0x0000000081300000, 0x0000000081400000, 0x0000000081400000|100%|HS|  |TAMS 0x0000000081400000, 0x0000000081300000| Complete 
|  20|0x0000000081400000, 0x0000000081500000, 0x0000000081500000|100%|HC|  |TAMS 0x0000000081500000, 0x0000000081400000| Complete 
|  21|0x0000000081500000, 0x0000000081600000, 0x0000000081600000|100%| O|  |TAMS 0x0000000081600000, 0x0000000081500000| Untracked 
|  22|0x0000000081600000, 0x0000000081700000, 0x0000000081700000|100%| O|  |TAMS 0x0000000081700000, 0x0000000081600000| Untracked 
|  23|0x0000000081700000, 0x0000000081800000, 0x0000000081800000|100%| O|  |TAMS 0x0000000081800000, 0x0000000081700000| Untracked 
|  24|0x0000000081800000, 0x0000000081900000, 0x0000000081900000|100%| O|  |TAMS 0x0000000081900000, 0x0000000081800000| Untracked 
|  25|0x0000000081900000, 0x0000000081a00000, 0x0000000081a00000|100%| O|  |TAMS 0x0000000081a00000, 0x0000000081900000| Untracked 
|  26|0x0000000081a00000, 0x0000000081b00000, 0x0000000081b00000|100%| O|  |TAMS 0x0000000081b00000, 0x0000000081a00000| Untracked 
|  27|0x0000000081b00000, 0x0000000081c00000, 0x0000000081c00000|100%| O|  |TAMS 0x0000000081c00000, 0x0000000081b00000| Untracked 
|  28|0x0000000081c00000, 0x0000000081d00000, 0x0000000081d00000|100%| O|  |TAMS 0x0000000081d00000, 0x0000000081c00000| Untracked 
|  29|0x0000000081d00000, 0x0000000081e00000, 0x0000000081e00000|100%| O|  |TAMS 0x0000000081e00000, 0x0000000081d00000| Untracked 
|  30|0x0000000081e00000, 0x0000000081f00000, 0x0000000081f00000|100%| O|  |TAMS 0x0000000081f00000, 0x0000000081e00000| Untracked 
|  31|0x0000000081f00000, 0x0000000082000000, 0x0000000082000000|100%| O|  |TAMS 0x0000000082000000, 0x0000000081f00000| Untracked 
|  32|0x0000000082000000, 0x0000000082100000, 0x0000000082100000|100%| O|  |TAMS 0x0000000082100000, 0x0000000082000000| Untracked 
|  33|0x0000000082100000, 0x0000000082200000, 0x0000000082200000|100%| O|  |TAMS 0x0000000082200000, 0x0000000082100000| Untracked 
|  34|0x0000000082200000, 0x0000000082300000, 0x0000000082300000|100%| O|  |TAMS 0x0000000082300000, 0x0000000082200000| Untracked 
|  35|0x0000000082300000, 0x0000000082400000, 0x0000000082400000|100%| O|  |TAMS 0x0000000082400000, 0x0000000082300000| Untracked 
|  36|0x0000000082400000, 0x0000000082500000, 0x0000000082500000|100%| O|  |TAMS 0x0000000082500000, 0x0000000082400000| Untracked 
|  37|0x0000000082500000, 0x0000000082600000, 0x0000000082600000|100%| O|  |TAMS 0x0000000082600000, 0x0000000082500000| Untracked 
|  38|0x0000000082600000, 0x0000000082700000, 0x0000000082700000|100%| O|  |TAMS 0x0000000082700000, 0x0000000082600000| Untracked 
|  39|0x0000000082700000, 0x0000000082800000, 0x0000000082800000|100%| O|  |TAMS 0x0000000082800000, 0x0000000082700000| Untracked 
|  40|0x0000000082800000, 0x0000000082900000, 0x0000000082900000|100%| O|  |TAMS 0x0000000082900000, 0x0000000082800000| Untracked 
|  41|0x0000000082900000, 0x0000000082a00000, 0x0000000082a00000|100%| O|  |TAMS 0x0000000082a00000, 0x0000000082900000| Untracked 
|  42|0x0000000082a00000, 0x0000000082a2d600, 0x0000000082b00000| 17%| O|  |TAMS 0x0000000082a2d600, 0x0000000082a00000| Untracked 
|  43|0x0000000082b00000, 0x0000000082b00000, 0x0000000082c00000|  0%| F|  |TAMS 0x0000000082b00000, 0x0000000082b00000| Untracked 
|  44|0x0000000082c00000, 0x0000000082c00000, 0x0000000082d00000|  0%| F|  |TAMS 0x0000000082c00000, 0x0000000082c00000| Untracked 
|  45|0x0000000082d00000, 0x0000000082d00000, 0x0000000082e00000|  0%| F|  |TAMS 0x0000000082d00000, 0x0000000082d00000| Untracked 
|  46|0x0000000082e00000, 0x0000000082e00000, 0x0000000082f00000|  0%| F|  |TAMS 0x0000000082e00000, 0x0000000082e00000| Untracked 
|  47|0x0000000082f00000, 0x0000000082f00000, 0x0000000083000000|  0%| F|  |TAMS 0x0000000082f00000, 0x0000000082f00000| Untracked 
|  48|0x0000000083000000, 0x0000000083000000, 0x0000000083100000|  0%| F|  |TAMS 0x0000000083000000, 0x0000000083000000| Untracked 
|  49|0x0000000083100000, 0x0000000083100000, 0x0000000083200000|  0%| F|  |TAMS 0x0000000083100000, 0x0000000083100000| Untracked 
|  50|0x0000000083200000, 0x0000000083200000, 0x0000000083300000|  0%| F|  |TAMS 0x0000000083200000, 0x0000000083200000| Untracked 
|  51|0x0000000083300000, 0x0000000083300000, 0x0000000083400000|  0%| F|  |TAMS 0x0000000083300000, 0x0000000083300000| Untracked 
|  52|0x0000000083400000, 0x0000000083400000, 0x0000000083500000|  0%| F|  |TAMS 0x0000000083400000, 0x0000000083400000| Untracked 
|  53|0x0000000083500000, 0x0000000083500000, 0x0000000083600000|  0%| F|  |TAMS 0x0000000083500000, 0x0000000083500000| Untracked 
|  54|0x0000000083600000, 0x0000000083600000, 0x0000000083700000|  0%| F|  |TAMS 0x0000000083600000, 0x0000000083600000| Untracked 
|  55|0x0000000083700000, 0x0000000083700000, 0x0000000083800000|  0%| F|  |TAMS 0x0000000083700000, 0x0000000083700000| Untracked 
|  56|0x0000000083800000, 0x0000000083800000, 0x0000000083900000|  0%| F|  |TAMS 0x0000000083800000, 0x0000000083800000| Untracked 
|  57|0x0000000083900000, 0x0000000083900000, 0x0000000083a00000|  0%| F|  |TAMS 0x0000000083900000, 0x0000000083900000| Untracked 
|  58|0x0000000083a00000, 0x0000000083a00000, 0x0000000083b00000|  0%| F|  |TAMS 0x0000000083a00000, 0x0000000083a00000| Untracked 
|  59|0x0000000083b00000, 0x0000000083b00000, 0x0000000083c00000|  0%| F|  |TAMS 0x0000000083b00000, 0x0000000083b00000| Untracked 
|  60|0x0000000083c00000, 0x0000000083c00000, 0x0000000083d00000|  0%| F|  |TAMS 0x0000000083c00000, 0x0000000083c00000| Untracked 
|  61|0x0000000083d00000, 0x0000000083d00000, 0x0000000083e00000|  0%| F|  |TAMS 0x0000000083d00000, 0x0000000083d00000| Untracked 
|  62|0x0000000083e00000, 0x0000000083e00000, 0x0000000083f00000|  0%| F|  |TAMS 0x0000000083e00000, 0x0000000083e00000| Untracked 
|  63|0x0000000083f00000, 0x0000000083f00000, 0x0000000084000000|  0%| F|  |TAMS 0x0000000083f00000, 0x0000000083f00000| Untracked 
|  64|0x0000000084000000, 0x0000000084000000, 0x0000000084100000|  0%| F|  |TAMS 0x0000000084000000, 0x0000000084000000| Untracked 
|  65|0x0000000084100000, 0x0000000084100000, 0x0000000084200000|  0%| F|  |TAMS 0x0000000084100000, 0x0000000084100000| Untracked 
|  66|0x0000000084200000, 0x0000000084200000, 0x0000000084300000|  0%| F|  |TAMS 0x0000000084200000, 0x0000000084200000| Untracked 
|  67|0x0000000084300000, 0x0000000084300000, 0x0000000084400000|  0%| F|  |TAMS 0x0000000084300000, 0x0000000084300000| Untracked 
|  68|0x0000000084400000, 0x0000000084400000, 0x0000000084500000|  0%| F|  |TAMS 0x0000000084400000, 0x0000000084400000| Untracked 
|  69|0x0000000084500000, 0x0000000084500000, 0x0000000084600000|  0%| F|  |TAMS 0x0000000084500000, 0x0000000084500000| Untracked 
|  70|0x0000000084600000, 0x0000000084600000, 0x0000000084700000|  0%| F|  |TAMS 0x0000000084600000, 0x0000000084600000| Untracked 
|  71|0x0000000084700000, 0x0000000084700000, 0x0000000084800000|  0%| F|  |TAMS 0x0000000084700000, 0x0000000084700000| Untracked 
|  72|0x0000000084800000, 0x0000000084800000, 0x0000000084900000|  0%| F|  |TAMS 0x0000000084800000, 0x0000000084800000| Untracked 
|  73|0x0000000084900000, 0x0000000084900000, 0x0000000084a00000|  0%| F|  |TAMS 0x0000000084900000, 0x0000000084900000| Untracked 
|  74|0x0000000084a00000, 0x0000000084a00000, 0x0000000084b00000|  0%| F|  |TAMS 0x0000000084a00000, 0x0000000084a00000| Untracked 
|  75|0x0000000084b00000, 0x0000000084b00000, 0x0000000084c00000|  0%| F|  |TAMS 0x0000000084b00000, 0x0000000084b00000| Untracked 
|  76|0x0000000084c00000, 0x0000000084c00000, 0x0000000084d00000|  0%| F|  |TAMS 0x0000000084c00000, 0x0000000084c00000| Untracked 
|  77|0x0000000084d00000, 0x0000000084d00000, 0x0000000084e00000|  0%| F|  |TAMS 0x0000000084d00000, 0x0000000084d00000| Untracked 
|  78|0x0000000084e00000, 0x0000000084e00000, 0x0000000084f00000|  0%| F|  |TAMS 0x0000000084e00000, 0x0000000084e00000| Untracked 
|  79|0x0000000084f00000, 0x0000000084f00000, 0x0000000085000000|  0%| F|  |TAMS 0x0000000084f00000, 0x0000000084f00000| Untracked 
|  80|0x0000000085000000, 0x0000000085000000, 0x0000000085100000|  0%| F|  |TAMS 0x0000000085000000, 0x0000000085000000| Untracked 
|  81|0x0000000085100000, 0x0000000085100000, 0x0000000085200000|  0%| F|  |TAMS 0x0000000085100000, 0x0000000085100000| Untracked 
|  82|0x0000000085200000, 0x0000000085200000, 0x0000000085300000|  0%| F|  |TAMS 0x0000000085200000, 0x0000000085200000| Untracked 
|  83|0x0000000085300000, 0x0000000085300000, 0x0000000085400000|  0%| F|  |TAMS 0x0000000085300000, 0x0000000085300000| Untracked 
|  84|0x0000000085400000, 0x0000000085400000, 0x0000000085500000|  0%| F|  |TAMS 0x0000000085400000, 0x0000000085400000| Untracked 
|  85|0x0000000085500000, 0x0000000085500000, 0x0000000085600000|  0%| F|  |TAMS 0x0000000085500000, 0x0000000085500000| Untracked 
|  86|0x0000000085600000, 0x0000000085600000, 0x0000000085700000|  0%| F|  |TAMS 0x0000000085600000, 0x0000000085600000| Untracked 
|  87|0x0000000085700000, 0x0000000085700000, 0x0000000085800000|  0%| F|  |TAMS 0x0000000085700000, 0x0000000085700000| Untracked 
|  88|0x0000000085800000, 0x0000000085800000, 0x0000000085900000|  0%| F|  |TAMS 0x0000000085800000, 0x0000000085800000| Untracked 
|  89|0x0000000085900000, 0x0000000085900000, 0x0000000085a00000|  0%| F|  |TAMS 0x0000000085900000, 0x0000000085900000| Untracked 
|  90|0x0000000085a00000, 0x0000000085a00000, 0x0000000085b00000|  0%| F|  |TAMS 0x0000000085a00000, 0x0000000085a00000| Untracked 
|  91|0x0000000085b00000, 0x0000000085b00000, 0x0000000085c00000|  0%| F|  |TAMS 0x0000000085b00000, 0x0000000085b00000| Untracked 
|  92|0x0000000085c00000, 0x0000000085c00000, 0x0000000085d00000|  0%| F|  |TAMS 0x0000000085c00000, 0x0000000085c00000| Untracked 
|  93|0x0000000085d00000, 0x0000000085d00000, 0x0000000085e00000|  0%| F|  |TAMS 0x0000000085d00000, 0x0000000085d00000| Untracked 
|  94|0x0000000085e00000, 0x0000000085e00000, 0x0000000085f00000|  0%| F|  |TAMS 0x0000000085e00000, 0x0000000085e00000| Untracked 
|  95|0x0000000085f00000, 0x0000000085f00000, 0x0000000086000000|  0%| F|  |TAMS 0x0000000085f00000, 0x0000000085f00000| Untracked 
|  96|0x0000000086000000, 0x0000000086000000, 0x0000000086100000|  0%| F|  |TAMS 0x0000000086000000, 0x0000000086000000| Untracked 
|  97|0x0000000086100000, 0x0000000086100000, 0x0000000086200000|  0%| F|  |TAMS 0x0000000086100000, 0x0000000086100000| Untracked 
|  98|0x0000000086200000, 0x0000000086200000, 0x0000000086300000|  0%| F|  |TAMS 0x0000000086200000, 0x0000000086200000| Untracked 
|  99|0x0000000086300000, 0x0000000086300000, 0x0000000086400000|  0%| F|  |TAMS 0x0000000086300000, 0x0000000086300000| Untracked 
| 100|0x0000000086400000, 0x0000000086400000, 0x0000000086500000|  0%| F|  |TAMS 0x0000000086400000, 0x0000000086400000| Untracked 
| 101|0x0000000086500000, 0x0000000086500000, 0x0000000086600000|  0%| F|  |TAMS 0x0000000086500000, 0x0000000086500000| Untracked 
| 102|0x0000000086600000, 0x0000000086600000, 0x0000000086700000|  0%| F|  |TAMS 0x0000000086600000, 0x0000000086600000| Untracked 
| 103|0x0000000086700000, 0x0000000086700000, 0x0000000086800000|  0%| F|  |TAMS 0x0000000086700000, 0x0000000086700000| Untracked 
| 104|0x0000000086800000, 0x0000000086800000, 0x0000000086900000|  0%| F|  |TAMS 0x0000000086800000, 0x0000000086800000| Untracked 
| 105|0x0000000086900000, 0x0000000086900000, 0x0000000086a00000|  0%| F|  |TAMS 0x0000000086900000, 0x0000000086900000| Untracked 
| 106|0x0000000086a00000, 0x0000000086a00000, 0x0000000086b00000|  0%| F|  |TAMS 0x0000000086a00000, 0x0000000086a00000| Untracked 
| 107|0x0000000086b00000, 0x0000000086b00000, 0x0000000086c00000|  0%| F|  |TAMS 0x0000000086b00000, 0x0000000086b00000| Untracked 
| 108|0x0000000086c00000, 0x0000000086c00000, 0x0000000086d00000|  0%| F|  |TAMS 0x0000000086c00000, 0x0000000086c00000| Untracked 
| 109|0x0000000086d00000, 0x0000000086d00000, 0x0000000086e00000|  0%| F|  |TAMS 0x0000000086d00000, 0x0000000086d00000| Untracked 
| 110|0x0000000086e00000, 0x0000000086e00000, 0x0000000086f00000|  0%| F|  |TAMS 0x0000000086e00000, 0x0000000086e00000| Untracked 
| 111|0x0000000086f00000, 0x0000000086f00000, 0x0000000087000000|  0%| F|  |TAMS 0x0000000086f00000, 0x0000000086f00000| Untracked 
| 112|0x0000000087000000, 0x0000000087000000, 0x0000000087100000|  0%| F|  |TAMS 0x0000000087000000, 0x0000000087000000| Untracked 
| 113|0x0000000087100000, 0x0000000087100000, 0x0000000087200000|  0%| F|  |TAMS 0x0000000087100000, 0x0000000087100000| Untracked 
| 114|0x0000000087200000, 0x0000000087200000, 0x0000000087300000|  0%| F|  |TAMS 0x0000000087200000, 0x0000000087200000| Untracked 
| 115|0x0000000087300000, 0x0000000087300000, 0x0000000087400000|  0%| F|  |TAMS 0x0000000087300000, 0x0000000087300000| Untracked 
| 116|0x0000000087400000, 0x0000000087400000, 0x0000000087500000|  0%| F|  |TAMS 0x0000000087400000, 0x0000000087400000| Untracked 
| 117|0x0000000087500000, 0x0000000087500000, 0x0000000087600000|  0%| F|  |TAMS 0x0000000087500000, 0x0000000087500000| Untracked 
| 118|0x0000000087600000, 0x0000000087600000, 0x0000000087700000|  0%| F|  |TAMS 0x0000000087600000, 0x0000000087600000| Untracked 
| 119|0x0000000087700000, 0x0000000087700000, 0x0000000087800000|  0%| F|  |TAMS 0x0000000087700000, 0x0000000087700000| Untracked 
| 120|0x0000000087800000, 0x0000000087800000, 0x0000000087900000|  0%| F|  |TAMS 0x0000000087800000, 0x0000000087800000| Untracked 
| 121|0x0000000087900000, 0x0000000087900000, 0x0000000087a00000|  0%| F|  |TAMS 0x0000000087900000, 0x0000000087900000| Untracked 
| 122|0x0000000087a00000, 0x0000000087a00000, 0x0000000087b00000|  0%| F|  |TAMS 0x0000000087a00000, 0x0000000087a00000| Untracked 
| 123|0x0000000087b00000, 0x0000000087b00000, 0x0000000087c00000|  0%| F|  |TAMS 0x0000000087b00000, 0x0000000087b00000| Untracked 
| 124|0x0000000087c00000, 0x0000000087c00000, 0x0000000087d00000|  0%| F|  |TAMS 0x0000000087c00000, 0x0000000087c00000| Untracked 
| 125|0x0000000087d00000, 0x0000000087d00000, 0x0000000087e00000|  0%| F|  |TAMS 0x0000000087d00000, 0x0000000087d00000| Untracked 
| 126|0x0000000087e00000, 0x0000000087e00000, 0x0000000087f00000|  0%| F|  |TAMS 0x0000000087e00000, 0x0000000087e00000| Untracked 
| 127|0x0000000087f00000, 0x0000000087f00000, 0x0000000088000000|  0%| F|  |TAMS 0x0000000087f00000, 0x0000000087f00000| Untracked 
| 128|0x0000000088000000, 0x0000000088000000, 0x0000000088100000|  0%| F|  |TAMS 0x0000000088000000, 0x0000000088000000| Untracked 
| 129|0x0000000088100000, 0x0000000088100000, 0x0000000088200000|  0%| F|  |TAMS 0x0000000088100000, 0x0000000088100000| Untracked 
| 130|0x0000000088200000, 0x0000000088200000, 0x0000000088300000|  0%| F|  |TAMS 0x0000000088200000, 0x0000000088200000| Untracked 
| 131|0x0000000088300000, 0x0000000088300000, 0x0000000088400000|  0%| F|  |TAMS 0x0000000088300000, 0x0000000088300000| Untracked 
| 132|0x0000000088400000, 0x0000000088400000, 0x0000000088500000|  0%| F|  |TAMS 0x0000000088400000, 0x0000000088400000| Untracked 
| 133|0x0000000088500000, 0x0000000088500000, 0x0000000088600000|  0%| F|  |TAMS 0x0000000088500000, 0x0000000088500000| Untracked 
| 134|0x0000000088600000, 0x0000000088600000, 0x0000000088700000|  0%| F|  |TAMS 0x0000000088600000, 0x0000000088600000| Untracked 
| 135|0x0000000088700000, 0x0000000088700000, 0x0000000088800000|  0%| F|  |TAMS 0x0000000088700000, 0x0000000088700000| Untracked 
| 136|0x0000000088800000, 0x0000000088800000, 0x0000000088900000|  0%| F|  |TAMS 0x0000000088800000, 0x0000000088800000| Untracked 
| 137|0x0000000088900000, 0x0000000088900000, 0x0000000088a00000|  0%| F|  |TAMS 0x0000000088900000, 0x0000000088900000| Untracked 
| 138|0x0000000088a00000, 0x0000000088a00000, 0x0000000088b00000|  0%| F|  |TAMS 0x0000000088a00000, 0x0000000088a00000| Untracked 
| 139|0x0000000088b00000, 0x0000000088b00000, 0x0000000088c00000|  0%| F|  |TAMS 0x0000000088b00000, 0x0000000088b00000| Untracked 
| 140|0x0000000088c00000, 0x0000000088c00000, 0x0000000088d00000|  0%| F|  |TAMS 0x0000000088c00000, 0x0000000088c00000| Untracked 
| 141|0x0000000088d00000, 0x0000000088d00000, 0x0000000088e00000|  0%| F|  |TAMS 0x0000000088d00000, 0x0000000088d00000| Untracked 
| 142|0x0000000088e00000, 0x0000000088e00000, 0x0000000088f00000|  0%| F|  |TAMS 0x0000000088e00000, 0x0000000088e00000| Untracked 
| 143|0x0000000088f00000, 0x0000000088f00000, 0x0000000089000000|  0%| F|  |TAMS 0x0000000088f00000, 0x0000000088f00000| Untracked 
| 144|0x0000000089000000, 0x0000000089000000, 0x0000000089100000|  0%| F|  |TAMS 0x0000000089000000, 0x0000000089000000| Untracked 
| 145|0x0000000089100000, 0x0000000089100000, 0x0000000089200000|  0%| F|  |TAMS 0x0000000089100000, 0x0000000089100000| Untracked 
| 146|0x0000000089200000, 0x0000000089200000, 0x0000000089300000|  0%| F|  |TAMS 0x0000000089200000, 0x0000000089200000| Untracked 
| 147|0x0000000089300000, 0x0000000089300000, 0x0000000089400000|  0%| F|  |TAMS 0x0000000089300000, 0x0000000089300000| Untracked 
| 148|0x0000000089400000, 0x0000000089400000, 0x0000000089500000|  0%| F|  |TAMS 0x0000000089400000, 0x0000000089400000| Untracked 
| 149|0x0000000089500000, 0x0000000089500000, 0x0000000089600000|  0%| F|  |TAMS 0x0000000089500000, 0x0000000089500000| Untracked 
| 150|0x0000000089600000, 0x0000000089600000, 0x0000000089700000|  0%| F|  |TAMS 0x0000000089600000, 0x0000000089600000| Untracked 
| 151|0x0000000089700000, 0x0000000089700000, 0x0000000089800000|  0%| F|  |TAMS 0x0000000089700000, 0x0000000089700000| Untracked 
| 152|0x0000000089800000, 0x0000000089800000, 0x0000000089900000|  0%| F|  |TAMS 0x0000000089800000, 0x0000000089800000| Untracked 
| 153|0x0000000089900000, 0x0000000089900000, 0x0000000089a00000|  0%| F|  |TAMS 0x0000000089900000, 0x0000000089900000| Untracked 
| 154|0x0000000089a00000, 0x0000000089a00000, 0x0000000089b00000|  0%| F|  |TAMS 0x0000000089a00000, 0x0000000089a00000| Untracked 
| 155|0x0000000089b00000, 0x0000000089b00000, 0x0000000089c00000|  0%| F|  |TAMS 0x0000000089b00000, 0x0000000089b00000| Untracked 
| 156|0x0000000089c00000, 0x0000000089c00000, 0x0000000089d00000|  0%| F|  |TAMS 0x0000000089c00000, 0x0000000089c00000| Untracked 
| 157|0x0000000089d00000, 0x0000000089d00000, 0x0000000089e00000|  0%| F|  |TAMS 0x0000000089d00000, 0x0000000089d00000| Untracked 
| 158|0x0000000089e00000, 0x0000000089e00000, 0x0000000089f00000|  0%| F|  |TAMS 0x0000000089e00000, 0x0000000089e00000| Untracked 
| 159|0x0000000089f00000, 0x0000000089f00000, 0x000000008a000000|  0%| F|  |TAMS 0x0000000089f00000, 0x0000000089f00000| Untracked 
| 160|0x000000008a000000, 0x000000008a000000, 0x000000008a100000|  0%| F|  |TAMS 0x000000008a000000, 0x000000008a000000| Untracked 
| 161|0x000000008a100000, 0x000000008a100000, 0x000000008a200000|  0%| F|  |TAMS 0x000000008a100000, 0x000000008a100000| Untracked 
| 162|0x000000008a200000, 0x000000008a200000, 0x000000008a300000|  0%| F|  |TAMS 0x000000008a200000, 0x000000008a200000| Untracked 
| 163|0x000000008a300000, 0x000000008a300000, 0x000000008a400000|  0%| F|  |TAMS 0x000000008a300000, 0x000000008a300000| Untracked 
| 164|0x000000008a400000, 0x000000008a400000, 0x000000008a500000|  0%| F|  |TAMS 0x000000008a400000, 0x000000008a400000| Untracked 
| 165|0x000000008a500000, 0x000000008a500000, 0x000000008a600000|  0%| F|  |TAMS 0x000000008a500000, 0x000000008a500000| Untracked 
| 166|0x000000008a600000, 0x000000008a600000, 0x000000008a700000|  0%| F|  |TAMS 0x000000008a600000, 0x000000008a600000| Untracked 
| 167|0x000000008a700000, 0x000000008a700000, 0x000000008a800000|  0%| F|  |TAMS 0x000000008a700000, 0x000000008a700000| Untracked 
| 168|0x000000008a800000, 0x000000008a800000, 0x000000008a900000|  0%| F|  |TAMS 0x000000008a800000, 0x000000008a800000| Untracked 
| 169|0x000000008a900000, 0x000000008a900000, 0x000000008aa00000|  0%| F|  |TAMS 0x000000008a900000, 0x000000008a900000| Untracked 
| 170|0x000000008aa00000, 0x000000008aa00000, 0x000000008ab00000|  0%| F|  |TAMS 0x000000008aa00000, 0x000000008aa00000| Untracked 
| 171|0x000000008ab00000, 0x000000008ab00000, 0x000000008ac00000|  0%| F|  |TAMS 0x000000008ab00000, 0x000000008ab00000| Untracked 
| 172|0x000000008ac00000, 0x000000008ac00000, 0x000000008ad00000|  0%| F|  |TAMS 0x000000008ac00000, 0x000000008ac00000| Untracked 
| 173|0x000000008ad00000, 0x000000008ad00000, 0x000000008ae00000|  0%| F|  |TAMS 0x000000008ad00000, 0x000000008ad00000| Untracked 
| 174|0x000000008ae00000, 0x000000008ae00000, 0x000000008af00000|  0%| F|  |TAMS 0x000000008ae00000, 0x000000008ae00000| Untracked 
| 175|0x000000008af00000, 0x000000008af00000, 0x000000008b000000|  0%| F|  |TAMS 0x000000008af00000, 0x000000008af00000| Untracked 
| 176|0x000000008b000000, 0x000000008b000000, 0x000000008b100000|  0%| F|  |TAMS 0x000000008b000000, 0x000000008b000000| Untracked 
| 177|0x000000008b100000, 0x000000008b100000, 0x000000008b200000|  0%| F|  |TAMS 0x000000008b100000, 0x000000008b100000| Untracked 
| 178|0x000000008b200000, 0x000000008b200000, 0x000000008b300000|  0%| F|  |TAMS 0x000000008b200000, 0x000000008b200000| Untracked 
| 179|0x000000008b300000, 0x000000008b300000, 0x000000008b400000|  0%| F|  |TAMS 0x000000008b300000, 0x000000008b300000| Untracked 
| 180|0x000000008b400000, 0x000000008b400000, 0x000000008b500000|  0%| F|  |TAMS 0x000000008b400000, 0x000000008b400000| Untracked 
| 181|0x000000008b500000, 0x000000008b500000, 0x000000008b600000|  0%| F|  |TAMS 0x000000008b500000, 0x000000008b500000| Untracked 
| 182|0x000000008b600000, 0x000000008b600000, 0x000000008b700000|  0%| F|  |TAMS 0x000000008b600000, 0x000000008b600000| Untracked 
| 183|0x000000008b700000, 0x000000008b700000, 0x000000008b800000|  0%| F|  |TAMS 0x000000008b700000, 0x000000008b700000| Untracked 
| 184|0x000000008b800000, 0x000000008b800000, 0x000000008b900000|  0%| F|  |TAMS 0x000000008b800000, 0x000000008b800000| Untracked 
| 185|0x000000008b900000, 0x000000008b900000, 0x000000008ba00000|  0%| F|  |TAMS 0x000000008b900000, 0x000000008b900000| Untracked 
| 186|0x000000008ba00000, 0x000000008ba00000, 0x000000008bb00000|  0%| F|  |TAMS 0x000000008ba00000, 0x000000008ba00000| Untracked 
| 187|0x000000008bb00000, 0x000000008bb00000, 0x000000008bc00000|  0%| F|  |TAMS 0x000000008bb00000, 0x000000008bb00000| Untracked 
| 188|0x000000008bc00000, 0x000000008bc00000, 0x000000008bd00000|  0%| F|  |TAMS 0x000000008bc00000, 0x000000008bc00000| Untracked 
| 189|0x000000008bd00000, 0x000000008bd00000, 0x000000008be00000|  0%| F|  |TAMS 0x000000008bd00000, 0x000000008bd00000| Untracked 
| 190|0x000000008be00000, 0x000000008be00000, 0x000000008bf00000|  0%| F|  |TAMS 0x000000008be00000, 0x000000008be00000| Untracked 
| 191|0x000000008bf00000, 0x000000008bf00000, 0x000000008c000000|  0%| F|  |TAMS 0x000000008bf00000, 0x000000008bf00000| Untracked 
| 192|0x000000008c000000, 0x000000008c000000, 0x000000008c100000|  0%| F|  |TAMS 0x000000008c000000, 0x000000008c000000| Untracked 
| 193|0x000000008c100000, 0x000000008c100000, 0x000000008c200000|  0%| F|  |TAMS 0x000000008c100000, 0x000000008c100000| Untracked 
| 194|0x000000008c200000, 0x000000008c200000, 0x000000008c300000|  0%| F|  |TAMS 0x000000008c200000, 0x000000008c200000| Untracked 
| 195|0x000000008c300000, 0x000000008c300000, 0x000000008c400000|  0%| F|  |TAMS 0x000000008c300000, 0x000000008c300000| Untracked 
| 196|0x000000008c400000, 0x000000008c400000, 0x000000008c500000|  0%| F|  |TAMS 0x000000008c400000, 0x000000008c400000| Untracked 
| 197|0x000000008c500000, 0x000000008c500000, 0x000000008c600000|  0%| F|  |TAMS 0x000000008c500000, 0x000000008c500000| Untracked 
| 198|0x000000008c600000, 0x000000008c600000, 0x000000008c700000|  0%| F|  |TAMS 0x000000008c600000, 0x000000008c600000| Untracked 
| 199|0x000000008c700000, 0x000000008c700000, 0x000000008c800000|  0%| F|  |TAMS 0x000000008c700000, 0x000000008c700000| Untracked 
| 200|0x000000008c800000, 0x000000008c800000, 0x000000008c900000|  0%| F|  |TAMS 0x000000008c800000, 0x000000008c800000| Untracked 
| 201|0x000000008c900000, 0x000000008c900000, 0x000000008ca00000|  0%| F|  |TAMS 0x000000008c900000, 0x000000008c900000| Untracked 
| 202|0x000000008ca00000, 0x000000008ca00000, 0x000000008cb00000|  0%| F|  |TAMS 0x000000008ca00000, 0x000000008ca00000| Untracked 
| 203|0x000000008cb00000, 0x000000008cb00000, 0x000000008cc00000|  0%| F|  |TAMS 0x000000008cb00000, 0x000000008cb00000| Untracked 
| 204|0x000000008cc00000, 0x000000008cc00000, 0x000000008cd00000|  0%| F|  |TAMS 0x000000008cc00000, 0x000000008cc00000| Untracked 
| 205|0x000000008cd00000, 0x000000008cd00000, 0x000000008ce00000|  0%| F|  |TAMS 0x000000008cd00000, 0x000000008cd00000| Untracked 
| 206|0x000000008ce00000, 0x000000008ce00000, 0x000000008cf00000|  0%| F|  |TAMS 0x000000008ce00000, 0x000000008ce00000| Untracked 
| 207|0x000000008cf00000, 0x000000008cf00000, 0x000000008d000000|  0%| F|  |TAMS 0x000000008cf00000, 0x000000008cf00000| Untracked 
| 208|0x000000008d000000, 0x000000008d000000, 0x000000008d100000|  0%| F|  |TAMS 0x000000008d000000, 0x000000008d000000| Untracked 
| 209|0x000000008d100000, 0x000000008d100000, 0x000000008d200000|  0%| F|  |TAMS 0x000000008d100000, 0x000000008d100000| Untracked 
| 210|0x000000008d200000, 0x000000008d200000, 0x000000008d300000|  0%| F|  |TAMS 0x000000008d200000, 0x000000008d200000| Untracked 
| 211|0x000000008d300000, 0x000000008d300000, 0x000000008d400000|  0%| F|  |TAMS 0x000000008d300000, 0x000000008d300000| Untracked 
| 212|0x000000008d400000, 0x000000008d400000, 0x000000008d500000|  0%| F|  |TAMS 0x000000008d400000, 0x000000008d400000| Untracked 
| 213|0x000000008d500000, 0x000000008d500000, 0x000000008d600000|  0%| F|  |TAMS 0x000000008d500000, 0x000000008d500000| Untracked 
| 214|0x000000008d600000, 0x000000008d600000, 0x000000008d700000|  0%| F|  |TAMS 0x000000008d600000, 0x000000008d600000| Untracked 
| 215|0x000000008d700000, 0x000000008d700000, 0x000000008d800000|  0%| F|  |TAMS 0x000000008d700000, 0x000000008d700000| Untracked 
| 216|0x000000008d800000, 0x000000008d800000, 0x000000008d900000|  0%| F|  |TAMS 0x000000008d800000, 0x000000008d800000| Untracked 
| 217|0x000000008d900000, 0x000000008d900000, 0x000000008da00000|  0%| F|  |TAMS 0x000000008d900000, 0x000000008d900000| Untracked 
| 218|0x000000008da00000, 0x000000008dafd218, 0x000000008db00000| 98%| S|CS|TAMS 0x000000008da00000, 0x000000008da00000| Complete 
| 219|0x000000008db00000, 0x000000008dc00000, 0x000000008dc00000|100%| S|CS|TAMS 0x000000008db00000, 0x000000008db00000| Complete 
| 220|0x000000008dc00000, 0x000000008dd00000, 0x000000008dd00000|100%| S|CS|TAMS 0x000000008dc00000, 0x000000008dc00000| Complete 
| 221|0x000000008dd00000, 0x000000008dd00000, 0x000000008de00000|  0%| F|  |TAMS 0x000000008dd00000, 0x000000008dd00000| Untracked 
| 222|0x000000008de00000, 0x000000008de00000, 0x000000008df00000|  0%| F|  |TAMS 0x000000008de00000, 0x000000008de00000| Untracked 
| 223|0x000000008df00000, 0x000000008df00000, 0x000000008e000000|  0%| F|  |TAMS 0x000000008df00000, 0x000000008df00000| Untracked 
| 224|0x000000008e000000, 0x000000008e000000, 0x000000008e100000|  0%| F|  |TAMS 0x000000008e000000, 0x000000008e000000| Untracked 
| 225|0x000000008e100000, 0x000000008e100000, 0x000000008e200000|  0%| F|  |TAMS 0x000000008e100000, 0x000000008e100000| Untracked 
| 226|0x000000008e200000, 0x000000008e200000, 0x000000008e300000|  0%| F|  |TAMS 0x000000008e200000, 0x000000008e200000| Untracked 
| 227|0x000000008e300000, 0x000000008e300000, 0x000000008e400000|  0%| F|  |TAMS 0x000000008e300000, 0x000000008e300000| Untracked 
| 228|0x000000008e400000, 0x000000008e400000, 0x000000008e500000|  0%| F|  |TAMS 0x000000008e400000, 0x000000008e400000| Untracked 
| 229|0x000000008e500000, 0x000000008e500000, 0x000000008e600000|  0%| F|  |TAMS 0x000000008e500000, 0x000000008e500000| Untracked 
| 230|0x000000008e600000, 0x000000008e600000, 0x000000008e700000|  0%| F|  |TAMS 0x000000008e600000, 0x000000008e600000| Untracked 
| 231|0x000000008e700000, 0x000000008e780800, 0x000000008e800000| 50%| E|  |TAMS 0x000000008e700000, 0x000000008e700000| Complete 
| 232|0x000000008e800000, 0x000000008e900000, 0x000000008e900000|100%| E|CS|TAMS 0x000000008e800000, 0x000000008e800000| Complete 
| 233|0x000000008e900000, 0x000000008ea00000, 0x000000008ea00000|100%| E|CS|TAMS 0x000000008e900000, 0x000000008e900000| Complete 
| 234|0x000000008ea00000, 0x000000008eb00000, 0x000000008eb00000|100%| E|CS|TAMS 0x000000008ea00000, 0x000000008ea00000| Complete 
| 235|0x000000008eb00000, 0x000000008ec00000, 0x000000008ec00000|100%| E|CS|TAMS 0x000000008eb00000, 0x000000008eb00000| Complete 
| 236|0x000000008ec00000, 0x000000008ed00000, 0x000000008ed00000|100%| E|CS|TAMS 0x000000008ec00000, 0x000000008ec00000| Complete 
| 237|0x000000008ed00000, 0x000000008ee00000, 0x000000008ee00000|100%| E|  |TAMS 0x000000008ed00000, 0x000000008ed00000| Complete 
| 238|0x000000008ee00000, 0x000000008ef00000, 0x000000008ef00000|100%| E|CS|TAMS 0x000000008ee00000, 0x000000008ee00000| Complete 
| 239|0x000000008ef00000, 0x000000008f000000, 0x000000008f000000|100%| E|CS|TAMS 0x000000008ef00000, 0x000000008ef00000| Complete 
| 240|0x000000008f000000, 0x000000008f100000, 0x000000008f100000|100%| E|CS|TAMS 0x000000008f000000, 0x000000008f000000| Complete 
| 241|0x000000008f100000, 0x000000008f200000, 0x000000008f200000|100%| E|CS|TAMS 0x000000008f100000, 0x000000008f100000| Complete 
| 242|0x000000008f200000, 0x000000008f300000, 0x000000008f300000|100%| E|CS|TAMS 0x000000008f200000, 0x000000008f200000| Complete 
| 243|0x000000008f300000, 0x000000008f400000, 0x000000008f400000|100%| E|CS|TAMS 0x000000008f300000, 0x000000008f300000| Complete 
| 244|0x000000008f400000, 0x000000008f500000, 0x000000008f500000|100%| E|CS|TAMS 0x000000008f400000, 0x000000008f400000| Complete 
| 245|0x000000008f500000, 0x000000008f600000, 0x000000008f600000|100%| E|CS|TAMS 0x000000008f500000, 0x000000008f500000| Complete 
| 246|0x000000008f600000, 0x000000008f700000, 0x000000008f700000|100%| E|CS|TAMS 0x000000008f600000, 0x000000008f600000| Complete 
| 247|0x000000008f700000, 0x000000008f800000, 0x000000008f800000|100%| E|CS|TAMS 0x000000008f700000, 0x000000008f700000| Complete 
| 248|0x000000008f800000, 0x000000008f900000, 0x000000008f900000|100%| E|CS|TAMS 0x000000008f800000, 0x000000008f800000| Complete 
| 249|0x000000008f900000, 0x000000008fa00000, 0x000000008fa00000|100%| E|CS|TAMS 0x000000008f900000, 0x000000008f900000| Complete 
| 250|0x000000008fa00000, 0x000000008fb00000, 0x000000008fb00000|100%| E|CS|TAMS 0x000000008fa00000, 0x000000008fa00000| Complete 
| 251|0x000000008fb00000, 0x000000008fc00000, 0x000000008fc00000|100%| E|CS|TAMS 0x000000008fb00000, 0x000000008fb00000| Complete 
| 252|0x000000008fc00000, 0x000000008fd00000, 0x000000008fd00000|100%| E|CS|TAMS 0x000000008fc00000, 0x000000008fc00000| Complete 
| 253|0x000000008fd00000, 0x000000008fe00000, 0x000000008fe00000|100%| E|CS|TAMS 0x000000008fd00000, 0x000000008fd00000| Complete 

Card table byte_map: [0x00000153a67b0000,0x00000153a6bb0000] _byte_map_base: 0x00000153a63b0000

Marking Bits (Prev, Next): (CMBitMap*) 0x0000015391681d50, (CMBitMap*) 0x0000015391681d18
 Prev Bits: [0x00000153a8fb0000, 0x00000153aafb0000)
 Next Bits: [0x00000153a6fb0000, 0x00000153a8fb0000)

Polling page: 0x0000015391720000

Metaspace:

Usage:
  Non-class:     53.04 MB capacity,    52.21 MB ( 98%) used,   684.37 KB (  1%) free+waste,   161.19 KB ( <1%) overhead. 
      Class:      8.15 MB capacity,     7.61 MB ( 93%) used,   475.89 KB (  6%) free+waste,    76.38 KB ( <1%) overhead. 
       Both:     61.19 MB capacity,    59.82 MB ( 98%) used,     1.13 MB (  2%) free+waste,   237.56 KB ( <1%) overhead. 

Virtual space:
  Non-class space:       54.00 MB reserved,      53.25 MB ( 99%) committed 
      Class space:        1.00 GB reserved,       8.25 MB ( <1%) committed 
             Both:        1.05 GB reserved,      61.50 MB (  6%) committed 

Chunk freelists:
   Non-Class:  28.00 KB
       Class:  6.00 KB
        Both:  34.00 KB

MaxMetaspaceSize: 17179869184.00 GB
CompressedClassSpaceSize: 1.00 GB
Initial GC threshold: 20.80 MB
Current GC threshold: 98.65 MB
CDS: off

CodeHeap 'non-profiled nmethods': size=120000Kb used=3714Kb max_used=3714Kb free=116285Kb
 bounds [0x000001539e420000, 0x000001539e7d0000, 0x00000153a5950000]
CodeHeap 'profiled nmethods': size=120000Kb used=12713Kb max_used=12713Kb free=107287Kb
 bounds [0x0000015396ef0000, 0x0000015397b60000, 0x000001539e420000]
CodeHeap 'non-nmethods': size=5760Kb used=2352Kb max_used=2387Kb free=3407Kb
 bounds [0x0000015396950000, 0x0000015396bc0000, 0x0000015396ef0000]
 total_blobs=6890 nmethods=6042 adapters=760
 compilation: enabled
              stopped_count=0, restarted_count=0
 full_count=0

Compilation events (20 events):
Event: 7.556 Thread 0x00000153b4133800 6034       4       sun.security.provider.SHA::implCompress0 (482 bytes)
Event: 7.559 Thread 0x00000153ae375800 6035       4       sun.security.provider.ByteArrayAccess::b2iBig64 (614 bytes)
Event: 7.562 Thread 0x00000153ae375800 nmethod 6035 0x000001539e7bab10 code [0x000001539e7baca0, 0x000001539e7baed8]
Event: 7.562 Thread 0x00000153ae375800 6036       4       sun.security.provider.SHA::implCompress (13 bytes)
Event: 7.563 Thread 0x00000153ae375800 nmethod 6036 0x000001539e7bb010 code [0x000001539e7bb1c0, 0x000001539e7bb2a8]
Event: 7.564 Thread 0x00000153ae37c800 6037       3       java.math.MutableBigInteger::compare (106 bytes)
Event: 7.564 Thread 0x00000153ae37c800 nmethod 6037 0x0000015397b51b10 code [0x0000015397b51ce0, 0x0000015397b52058]
Event: 7.565 Thread 0x00000153ae37c800 6038       3       java.util.Arrays::copyOfRange (63 bytes)
Event: 7.566 Thread 0x00000153ae37c800 nmethod 6038 0x0000015397b52210 code [0x0000015397b524a0, 0x0000015397b52fb8]
Event: 7.566 Thread 0x00000153ae37c800 6039       3       java.math.MutableBigInteger::unsignedLongCompare (20 bytes)
Event: 7.566 Thread 0x00000153ae37c800 nmethod 6039 0x0000015397b53410 code [0x0000015397b535c0, 0x0000015397b53738]
Event: 7.566 Thread 0x00000153ae375800 6040 %     4       java.math.BigInteger::implMultiplyToLen @ 135 (216 bytes)
Event: 7.566 Thread 0x00000153ae37c800 6041       3       java.math.BigInteger::squareToLen (33 bytes)
Event: 7.566 Thread 0x00000153ae37c800 nmethod 6041 0x0000015397b53810 code [0x0000015397b539e0, 0x0000015397b53c78]
Event: 7.566 Thread 0x00000153ae37c800 6042       3       java.math.BigInteger::implSquareToLenChecks (198 bytes)
Event: 7.568 Thread 0x00000153ae37c800 nmethod 6042 0x0000015397b53d90 code [0x0000015397b54360, 0x0000015397b56cb8]
Event: 7.568 Thread 0x00000153ae37c800 6043       3       java.math.BigInteger::multiplyToLenCheck (28 bytes)
Event: 7.568 Thread 0x00000153ae37c800 nmethod 6043 0x0000015397b57a90 code [0x0000015397b57c80, 0x0000015397b58018]
Event: 7.578 Thread 0x00000153ae375800 nmethod 6040% 0x000001539e7bb390 code [0x000001539e7bb540, 0x000001539e7bbc58]
Event: 7.578 Thread 0x00000153ae375800 6044       4       sun.security.provider.SHA2::implCompress0 (466 bytes)

GC Heap History (14 events):
Event: 0.607 GC heap before
{Heap before GC invocations=0 (full 0):
 garbage-first heap   total 260096K, used 29696K [0x0000000080000000, 0x0000000100000000)
  region size 1024K, 24 young (24576K), 0 survivors (0K)
 Metaspace       used 10179K, capacity 10403K, committed 10624K, reserved 1058816K
  class space    used 1060K, capacity 1106K, committed 1152K, reserved 1048576K
}
Event: 0.612 GC heap after
{Heap after GC invocations=1 (full 0):
 garbage-first heap   total 260096K, used 9378K [0x0000000080000000, 0x0000000100000000)
  region size 1024K, 3 young (3072K), 3 survivors (3072K)
 Metaspace       used 10179K, capacity 10403K, committed 10624K, reserved 1058816K
  class space    used 1060K, capacity 1106K, committed 1152K, reserved 1048576K
}
Event: 2.479 GC heap before
{Heap before GC invocations=1 (full 0):
 garbage-first heap   total 260096K, used 112802K [0x0000000080000000, 0x0000000100000000)
  region size 1024K, 105 young (107520K), 3 survivors (3072K)
 Metaspace       used 20655K, capacity 21085K, committed 21248K, reserved 1067008K
  class space    used 2544K, capacity 2712K, committed 2816K, reserved 1048576K
}
Event: 2.490 GC heap after
{Heap after GC invocations=2 (full 0):
 garbage-first heap   total 260096K, used 17225K [0x0000000080000000, 0x0000000100000000)
  region size 1024K, 11 young (11264K), 11 survivors (11264K)
 Metaspace       used 20655K, capacity 21085K, committed 21248K, reserved 1067008K
  class space    used 2544K, capacity 2712K, committed 2816K, reserved 1048576K
}
Event: 2.895 GC heap before
{Heap before GC invocations=3 (full 0):
 garbage-first heap   total 260096K, used 58185K [0x0000000080000000, 0x0000000100000000)
  region size 1024K, 52 young (53248K), 11 survivors (11264K)
 Metaspace       used 24913K, capacity 25531K, committed 25728K, reserved 1071104K
  class space    used 3188K, capacity 3390K, committed 3456K, reserved 1048576K
}
Event: 2.901 GC heap after
{Heap after GC invocations=4 (full 0):
 garbage-first heap   total 260096K, used 18591K [0x0000000080000000, 0x0000000100000000)
  region size 1024K, 2 young (2048K), 2 survivors (2048K)
 Metaspace       used 24913K, capacity 25531K, committed 25728K, reserved 1071104K
  class space    used 3188K, capacity 3390K, committed 3456K, reserved 1048576K
}
Event: 3.816 GC heap before
{Heap before GC invocations=4 (full 0):
 garbage-first heap   total 260096K, used 90271K [0x0000000080000000, 0x0000000100000000)
  region size 1024K, 73 young (74752K), 2 survivors (2048K)
 Metaspace       used 34908K, capacity 35726K, committed 35840K, reserved 1081344K
  class space    used 4533K, capacity 4839K, committed 4864K, reserved 1048576K
}
Event: 3.826 GC heap after
{Heap after GC invocations=5 (full 0):
 garbage-first heap   total 260096K, used 22059K [0x0000000080000000, 0x0000000100000000)
  region size 1024K, 6 young (6144K), 6 survivors (6144K)
 Metaspace       used 34908K, capacity 35726K, committed 35840K, reserved 1081344K
  class space    used 4533K, capacity 4839K, committed 4864K, reserved 1048576K
}
Event: 5.186 GC heap before
{Heap before GC invocations=6 (full 0):
 garbage-first heap   total 260096K, used 135723K [0x0000000080000000, 0x0000000100000000)
  region size 1024K, 114 young (116736K), 6 survivors (6144K)
 Metaspace       used 44709K, capacity 45678K, committed 45824K, reserved 1089536K
  class space    used 5722K, capacity 6094K, committed 6144K, reserved 1048576K
}
Event: 5.194 GC heap after
{Heap after GC invocations=7 (full 0):
 garbage-first heap   total 260096K, used 29357K [0x0000000080000000, 0x0000000100000000)
  region size 1024K, 13 young (13312K), 13 survivors (13312K)
 Metaspace       used 44709K, capacity 45678K, committed 45824K, reserved 1089536K
  class space    used 5722K, capacity 6094K, committed 6144K, reserved 1048576K
}
Event: 6.624 GC heap before
{Heap before GC invocations=7 (full 0):
 garbage-first heap   total 260096K, used 168621K [0x0000000080000000, 0x0000000100000000)
  region size 1024K, 146 young (149504K), 13 survivors (13312K)
 Metaspace       used 53677K, capacity 54992K, committed 55296K, reserved 1097728K
  class space    used 6857K, capacity 7374K, committed 7424K, reserved 1048576K
}
Event: 6.634 GC heap after
{Heap after GC invocations=8 (full 0):
 garbage-first heap   total 260096K, used 43580K [0x0000000080000000, 0x0000000100000000)
  region size 1024K, 18 young (18432K), 18 survivors (18432K)
 Metaspace       used 53677K, capacity 54992K, committed 55296K, reserved 1097728K
  class space    used 6857K, capacity 7374K, committed 7424K, reserved 1048576K
}
Event: 7.229 GC heap before
{Heap before GC invocations=8 (full 0):
 garbage-first heap   total 260096K, used 76348K [0x0000000080000000, 0x0000000100000000)
  region size 1024K, 51 young (52224K), 18 survivors (18432K)
 Metaspace       used 58406K, capacity 59727K, committed 59948K, reserved 1101824K
  class space    used 7448K, capacity 7946K, committed 8064K, reserved 1048576K
}
Event: 7.245 GC heap after
{Heap after GC invocations=9 (full 0):
 garbage-first heap   total 260096K, used 46250K [0x0000000080000000, 0x0000000100000000)
  region size 1024K, 3 young (3072K), 3 survivors (3072K)
 Metaspace       used 58406K, capacity 59727K, committed 59948K, reserved 1101824K
  class space    used 7448K, capacity 7946K, committed 8064K, reserved 1048576K
}

Deoptimization events (20 events):
Event: 7.575 Thread 0x00000153b0493800 DEOPT PACKING pc=0x00000153976e57c2 sp=0x00000028510f3ad0
Event: 7.575 Thread 0x00000153b0493800 DEOPT UNPACKING pc=0x0000015396999d0e sp=0x00000028510f2f28 mode 0
Event: 7.575 Thread 0x00000153b0493800 DEOPT PACKING pc=0x00000153976e57c2 sp=0x00000028510f3ad0
Event: 7.575 Thread 0x00000153b0493800 DEOPT UNPACKING pc=0x0000015396999d0e sp=0x00000028510f2f28 mode 0
Event: 7.575 Thread 0x00000153b0493800 DEOPT PACKING pc=0x00000153976e57c2 sp=0x00000028510f3ad0
Event: 7.575 Thread 0x00000153b0493800 DEOPT UNPACKING pc=0x0000015396999d0e sp=0x00000028510f2f28 mode 0
Event: 7.575 Thread 0x00000153b0493800 DEOPT PACKING pc=0x00000153976e57c2 sp=0x00000028510f3ad0
Event: 7.575 Thread 0x00000153b0493800 DEOPT UNPACKING pc=0x0000015396999d0e sp=0x00000028510f2f28 mode 0
Event: 7.575 Thread 0x00000153b0493800 DEOPT PACKING pc=0x00000153976e57c2 sp=0x00000028510f3ad0
Event: 7.575 Thread 0x00000153b0493800 DEOPT UNPACKING pc=0x0000015396999d0e sp=0x00000028510f2f28 mode 0
Event: 7.576 Thread 0x00000153b0493800 DEOPT PACKING pc=0x00000153976e57c2 sp=0x00000028510f3ad0
Event: 7.576 Thread 0x00000153b0493800 DEOPT UNPACKING pc=0x0000015396999d0e sp=0x00000028510f2f28 mode 0
Event: 7.576 Thread 0x00000153b0493800 DEOPT PACKING pc=0x00000153976e57c2 sp=0x00000028510f3ad0
Event: 7.576 Thread 0x00000153b0493800 DEOPT UNPACKING pc=0x0000015396999d0e sp=0x00000028510f2f28 mode 0
Event: 7.576 Thread 0x00000153b0493800 DEOPT PACKING pc=0x00000153976e57c2 sp=0x00000028510f3ad0
Event: 7.576 Thread 0x00000153b0493800 DEOPT UNPACKING pc=0x0000015396999d0e sp=0x00000028510f2f28 mode 0
Event: 7.577 Thread 0x00000153b0493800 DEOPT PACKING pc=0x00000153976e57c2 sp=0x00000028510f3ad0
Event: 7.577 Thread 0x00000153b0493800 DEOPT UNPACKING pc=0x0000015396999d0e sp=0x00000028510f2f28 mode 0
Event: 7.577 Thread 0x00000153b0493800 DEOPT PACKING pc=0x00000153976e57c2 sp=0x00000028510f3ad0
Event: 7.577 Thread 0x00000153b0493800 DEOPT UNPACKING pc=0x0000015396999d0e sp=0x00000028510f2f28 mode 0

Classes redefined (0 events):
No events

Internal exceptions (20 events):
Event: 6.266 Thread 0x00000153b0b69800 Exception <a 'java/lang/NoSuchMethodError'{0x00000000899c9c78}: <clinit>> (0x00000000899c9c78) thrown at [./src/hotspot/share/prims/jni.cpp, line 1365]
Event: 6.275 Thread 0x00000153b1343800 Exception <a 'sun/nio/fs/WindowsException'{0x000000008b115648}> (0x000000008b115648) thrown at [./src/hotspot/share/prims/jni.cpp, line 615]
Event: 6.280 Thread 0x00000153b1343800 Exception <a 'sun/nio/fs/WindowsException'{0x000000008982bcd0}> (0x000000008982bcd0) thrown at [./src/hotspot/share/prims/jni.cpp, line 615]
Event: 6.281 Thread 0x00000153b1343800 Exception <a 'sun/nio/fs/WindowsException'{0x000000008982be58}> (0x000000008982be58) thrown at [./src/hotspot/share/prims/jni.cpp, line 615]
Event: 6.288 Thread 0x00000153b0493800 Exception <a 'java/lang/ClassNotFoundException'{0x000000008984e270}: build_96s23q33iwq5cy6dxo9rb4s7pBeanInfo> (0x000000008984e270) thrown at [./src/hotspot/share/classfile/systemDictionary.cpp, line 231]
Event: 6.288 Thread 0x00000153b0493800 Exception <a 'java/lang/ClassNotFoundException'{0x0000000089859228}: build_96s23q33iwq5cy6dxo9rb4s7pCustomizer> (0x0000000089859228) thrown at [./src/hotspot/share/classfile/systemDictionary.cpp, line 231]
Event: 6.310 Thread 0x00000153b0493800 Exception <a 'java/lang/ClassNotFoundException'{0x00000000897e3720}: org/gradle/api/internal/plugins/DefaultObjectConfigurationActionBeanInfo> (0x00000000897e3720) thrown at [./src/hotspot/share/classfile/systemDictionary.cpp, line 231]
Event: 6.311 Thread 0x00000153b0493800 Exception <a 'java/lang/ClassNotFoundException'{0x0000000089618dc0}: org/gradle/api/internal/plugins/DefaultObjectConfigurationActionCustomizer> (0x0000000089618dc0) thrown at [./src/hotspot/share/classfile/systemDictionary.cpp, line 231]
Event: 6.409 Thread 0x00000153b0493800 Exception <a 'java/lang/NoSuchMethodError'{0x0000000088c59e28}: 'java.lang.Object java.lang.invoke.DirectMethodHandle$Holder.invokeStatic(java.lang.Object, java.lang.Object, java.lang.Object, java.lang.Object, int)'> (0x0000000088c59e28) thrown at [./src/hotspot/share/interpreter/linkResolver.cpp, line 773]
Event: 6.409 Thread 0x00000153b0493800 Exception <a 'java/lang/NoSuchMethodError'{0x0000000088c5e820}: 'java.lang.Object java.lang.invoke.DirectMethodHandle$Holder.invokeSpecial(java.lang.Object, java.lang.Object, java.lang.Object, java.lang.Object, java.lang.Object, int)'> (0x0000000088c5e820) thrown at [./src/hotspot/share/interpreter/linkResolver.cpp, line 773]
Event: 6.410 Thread 0x00000153b0493800 Exception <a 'java/lang/NoSuchMethodError'{0x0000000088c62e60}: 'java.lang.Object java.lang.invoke.Invokers$Holder.linkToTargetMethod(java.lang.Object, java.lang.Object, java.lang.Object, int, java.lang.Object)'> (0x0000000088c62e60) thrown at [./src/hotspot/share/interpreter/linkResolver.cpp, line 773]
Event: 6.585 Thread 0x00000153b0493800 Exception <a 'java/lang/NoSuchMethodError'{0x00000000870df828}: 'java.lang.Object java.lang.invoke.DirectMethodHandle$Holder.invokeSpecial(java.lang.Object, java.lang.Object, int, int, java.lang.Object, java.lang.Object, java.lang.Object)'> (0x00000000870df828) thrown at [./src/hotspot/share/interpreter/linkResolver.cpp, line 773]
Event: 6.585 Thread 0x00000153b0493800 Exception <a 'java/lang/NoSuchMethodError'{0x00000000870e3da8}: 'java.lang.Object java.lang.invoke.DelegatingMethodHandle$Holder.reinvoke_L(java.lang.Object, int, int, java.lang.Object, java.lang.Object, java.lang.Object)'> (0x00000000870e3da8) thrown at [./src/hotspot/share/interpreter/linkResolver.cpp, line 773]
Event: 6.762 Thread 0x00000153b0493800 Exception <a 'java/lang/NoSuchMethodError'{0x000000008f55ca00}: 'int java.lang.invoke.DirectMethodHandle$Holder.invokeInterface(java.lang.Object, java.lang.Object, java.lang.Object, java.lang.Object)'> (0x000000008f55ca00) thrown at [./src/hotspot/share/interpreter/linkResolver.cpp, line 773]
Event: 7.085 Thread 0x00000153b0493800 Exception <a 'java/lang/NoSuchMethodError'{0x000000008e55e048}: 'void java.lang.invoke.DirectMethodHandle$Holder.invokeInterface(java.lang.Object, java.lang.Object, java.lang.Object, java.lang.Object)'> (0x000000008e55e048) thrown at [./src/hotspot/share/interpreter/linkResolver.cpp, line 773]
Event: 7.261 Thread 0x00000153b0493800 Exception <a 'java/lang/IncompatibleClassChangeError'{0x000000008fd0d788}: Found class java.lang.Object, but interface was expected> (0x000000008fd0d788) thrown at [./src/hotspot/share/interpreter/linkResolver.cpp, line 839]
Event: 7.319 Thread 0x00000153b0493800 Implicit null exception at 0x000001539e627754 to 0x000001539e627938
Event: 7.319 Thread 0x00000153b0493800 Implicit null exception at 0x000001539e76af39 to 0x000001539e76b01c
Event: 7.410 Thread 0x00000153b0493800 Implicit null exception at 0x000001539e639c8d to 0x000001539e639e76
Event: 7.467 Thread 0x00000153b0493800 Implicit null exception at 0x000001539e5a062c to 0x000001539e5a08b0

Events (20 events):
Event: 7.511 loading class sun/security/util/KeyUtil
Event: 7.512 loading class sun/security/util/KeyUtil done
Event: 7.512 loading class sun/security/util/Length
Event: 7.512 loading class sun/security/util/Length done
Event: 7.512 loading class javax/crypto/SecretKey
Event: 7.512 loading class javax/crypto/SecretKey done
Event: 7.517 loading class java/util/Base64
Event: 7.517 loading class java/util/Base64 done
Event: 7.517 loading class java/util/Base64$Decoder
Event: 7.518 loading class java/util/Base64$Decoder done
Event: 7.518 loading class java/util/Base64$Encoder
Event: 7.518 loading class java/util/Base64$Encoder done
Event: 7.530 loading class java/util/jar/JarVerifier$VerifierStream
Event: 7.530 loading class java/util/jar/JarVerifier$VerifierStream done
Event: 7.530 loading class sun/security/util/ManifestEntryVerifier$SunProviderHolder
Event: 7.530 loading class sun/security/util/ManifestEntryVerifier$SunProviderHolder done
Event: 7.533 loading class org/bouncycastle/operator/OperatorException
Event: 7.533 loading class org/bouncycastle/operator/OperatorException done
Event: 7.534 loading class org/bouncycastle/jce/provider/BouncyCastleProvider
Event: 7.534 loading class org/bouncycastle/jce/provider/BouncyCastleProvider done


Dynamic libraries:
0x00007ff676b40000 - 0x00007ff676b4a000 	D:\AS\jre\bin\java.exe
0x00007fff12940000 - 0x00007fff12b49000 	C:\WINDOWS\SYSTEM32\ntdll.dll
0x00007fff121c0000 - 0x00007fff1227d000 	C:\WINDOWS\System32\KERNEL32.DLL
0x00007fff101d0000 - 0x00007fff1054d000 	C:\WINDOWS\System32\KERNELBASE.dll
0x00007fff100b0000 - 0x00007fff101c1000 	C:\WINDOWS\System32\ucrtbase.dll
0x00007fff05aa0000 - 0x00007fff05ab7000 	D:\AS\jre\bin\VCRUNTIME140.dll
0x00007fff08a60000 - 0x00007fff08a79000 	D:\AS\jre\bin\jli.dll
0x00007fff10dc0000 - 0x00007fff10f6d000 	C:\WINDOWS\System32\USER32.dll
0x00007fff10000000 - 0x00007fff10026000 	C:\WINDOWS\System32\win32u.dll
0x00007ffef7510000 - 0x00007ffef77b5000 	C:\WINDOWS\WinSxS\amd64_microsoft.windows.common-controls_6595b64144ccf1df_6.0.22000.120_none_9d947278b86cc467\COMCTL32.dll
0x00007fff12330000 - 0x00007fff12359000 	C:\WINDOWS\System32\GDI32.dll
0x00007fff12280000 - 0x00007fff12323000 	C:\WINDOWS\System32\msvcrt.dll
0x00007fff0fee0000 - 0x00007fff0fff8000 	C:\WINDOWS\System32\gdi32full.dll
0x00007fff10550000 - 0x00007fff105ed000 	C:\WINDOWS\System32\msvcp_win.dll
0x00007fff10d60000 - 0x00007fff10d91000 	C:\WINDOWS\System32\IMM32.DLL
0x00007ffef0380000 - 0x00007ffef041d000 	D:\AS\jre\bin\msvcp140.dll
0x00007ffe94310000 - 0x00007ffe94df5000 	D:\AS\jre\bin\server\jvm.dll
0x00007fff12110000 - 0x00007fff121be000 	C:\WINDOWS\System32\ADVAPI32.dll
0x00007fff11f20000 - 0x00007fff11fbe000 	C:\WINDOWS\System32\sechost.dll
0x00007fff12420000 - 0x00007fff12540000 	C:\WINDOWS\System32\RPCRT4.dll
0x00007fff11b40000 - 0x00007fff11b48000 	C:\WINDOWS\System32\PSAPI.DLL
0x00007fff04d10000 - 0x00007fff04d43000 	C:\WINDOWS\SYSTEM32\WINMM.dll
0x00007ffefd8d0000 - 0x00007ffefd8da000 	C:\WINDOWS\SYSTEM32\VERSION.dll
0x00007ffee99b0000 - 0x00007ffee99b9000 	C:\WINDOWS\SYSTEM32\WSOCK32.dll
0x00007fff12540000 - 0x00007fff125af000 	C:\WINDOWS\System32\WS2_32.dll
0x00007fff0f010000 - 0x00007fff0f028000 	C:\WINDOWS\SYSTEM32\kernel.appcore.dll
0x00007fff08990000 - 0x00007fff089a1000 	D:\AS\jre\bin\verify.dll
0x00007fff08400000 - 0x00007fff08621000 	C:\WINDOWS\SYSTEM32\DBGHELP.DLL
0x00007ffefd870000 - 0x00007ffefd8a1000 	C:\WINDOWS\SYSTEM32\dbgcore.DLL
0x00007fff10030000 - 0x00007fff100af000 	C:\WINDOWS\System32\bcryptPrimitives.dll
0x00007ffefdc40000 - 0x00007ffefdc69000 	D:\AS\jre\bin\java.dll
0x00007fff08a50000 - 0x00007fff08a5b000 	D:\AS\jre\bin\jimage.dll
0x00007ffefc3c0000 - 0x00007ffefc3d8000 	D:\AS\jre\bin\zip.dll
0x00007fff10f70000 - 0x00007fff11728000 	C:\WINDOWS\System32\SHELL32.dll
0x00007fff0dfa0000 - 0x00007fff0e808000 	C:\WINDOWS\SYSTEM32\windows.storage.dll
0x00007fff117c0000 - 0x00007fff11b39000 	C:\WINDOWS\System32\combase.dll
0x00007fff0de30000 - 0x00007fff0df96000 	C:\WINDOWS\SYSTEM32\wintypes.dll
0x00007fff125b0000 - 0x00007fff1269a000 	C:\WINDOWS\System32\SHCORE.dll
0x00007fff12360000 - 0x00007fff123bd000 	C:\WINDOWS\System32\shlwapi.dll
0x00007fff0fd50000 - 0x00007fff0fd71000 	C:\WINDOWS\SYSTEM32\profapi.dll
0x00007ffef70c0000 - 0x00007ffef70da000 	D:\AS\jre\bin\net.dll
0x00007fff06190000 - 0x00007fff0629c000 	C:\WINDOWS\SYSTEM32\WINHTTP.dll
0x00007fff0f440000 - 0x00007fff0f4a7000 	C:\WINDOWS\system32\mswsock.dll
0x00007ffef6ab0000 - 0x00007ffef6ac4000 	D:\AS\jre\bin\nio.dll
0x00007fff043f0000 - 0x00007fff04417000 	C:\Users\IRIDESCENT\.gradle\native\e1d6ef7f7dcc3fd88c89a11ec53ec762bb8ba0a96d01ffa2cd45eb1d1d8dd5c5\windows-amd64\native-platform.dll
0x00007ffeef440000 - 0x00007ffeef584000 	C:\Users\IRIDESCENT\.gradle\native\5664cfc778a61ccfe75a443a1ab52a65af34e5dc3c78e0209fed803814484fcb\windows-amd64\native-platform-file-events.dll
0x00007fff05b40000 - 0x00007fff05b4a000 	D:\AS\jre\bin\management.dll
0x00007ffefd370000 - 0x00007ffefd37d000 	D:\AS\jre\bin\management_ext.dll
0x00007fff0f680000 - 0x00007fff0f698000 	C:\WINDOWS\SYSTEM32\CRYPTSP.dll
0x00007fff0ef70000 - 0x00007fff0efa5000 	C:\WINDOWS\system32\rsaenh.dll
0x00007fff0f530000 - 0x00007fff0f559000 	C:\WINDOWS\SYSTEM32\USERENV.dll
0x00007fff0f800000 - 0x00007fff0f827000 	C:\WINDOWS\SYSTEM32\bcrypt.dll
0x00007fff0f6a0000 - 0x00007fff0f6ac000 	C:\WINDOWS\SYSTEM32\CRYPTBASE.dll
0x00007fff0eb40000 - 0x00007fff0eb6d000 	C:\WINDOWS\SYSTEM32\IPHLPAPI.DLL
0x00007fff126e0000 - 0x00007fff126e9000 	C:\WINDOWS\System32\NSI.dll
0x00007fff05f50000 - 0x00007fff05f69000 	C:\WINDOWS\SYSTEM32\dhcpcsvc6.DLL
0x00007fff06fd0000 - 0x00007fff06fee000 	C:\WINDOWS\SYSTEM32\dhcpcsvc.DLL
0x00007fff0eb70000 - 0x00007fff0ec58000 	C:\WINDOWS\SYSTEM32\DNSAPI.dll

dbghelp: loaded successfully - version: 4.0.5 - missing functions: none
symbol engine: initialized successfully - sym options: 0x614 - pdb path: .;D:\AS\jre\bin;C:\WINDOWS\SYSTEM32;C:\WINDOWS\WinSxS\amd64_microsoft.windows.common-controls_6595b64144ccf1df_6.0.22000.120_none_9d947278b86cc467;D:\AS\jre\bin\server;C:\Users\IRIDESCENT\.gradle\native\e1d6ef7f7dcc3fd88c89a11ec53ec762bb8ba0a96d01ffa2cd45eb1d1d8dd5c5\windows-amd64;C:\Users\IRIDESCENT\.gradle\native\5664cfc778a61ccfe75a443a1ab52a65af34e5dc3c78e0209fed803814484fcb\windows-amd64

VM Arguments:
jvm_args: --add-opens=java.base/java.util=ALL-UNNAMED --add-opens=java.base/java.lang=ALL-UNNAMED --add-opens=java.base/java.lang.invoke=ALL-UNNAMED --add-opens=java.base/java.util=ALL-UNNAMED --add-opens=java.prefs/java.util.prefs=ALL-UNNAMED --add-opens=java.prefs/java.util.prefs=ALL-UNNAMED --add-opens=java.base/java.nio.charset=ALL-UNNAMED --add-opens=java.base/java.net=ALL-UNNAMED --add-opens=java.base/java.util.concurrent.atomic=ALL-UNNAMED -Xmx2048m -Dfile.encoding=UTF-8 -Duser.country=CN -Duser.language=zh -Duser.variant 
java_command: org.gradle.launcher.daemon.bootstrap.GradleDaemon 7.3.3
java_class_path (initial): C:\Users\IRIDESCENT\.gradle\wrapper\dists\gradle-7.3.3-bin\6a41zxkdtcxs8rphpq6y0069z\gradle-7.3.3\lib\gradle-launcher-7.3.3.jar
Launcher Type: SUN_STANDARD

[Global flags]
     intx CICompilerCount                          = 4                                         {product} {ergonomic}
     uint ConcGCThreads                            = 2                                         {product} {ergonomic}
     uint G1ConcRefinementThreads                  = 8                                         {product} {ergonomic}
   size_t G1HeapRegionSize                         = 1048576                                   {product} {ergonomic}
    uintx GCDrainStackTargetSize                   = 64                                        {product} {ergonomic}
   size_t InitialHeapSize                          = 266338304                                 {product} {ergonomic}
   size_t MarkStackSize                            = 4194304                                   {product} {ergonomic}
   size_t MaxHeapSize                              = 2147483648                                {product} {command line}
   size_t MaxNewSize                               = 1287651328                                {product} {ergonomic}
   size_t MinHeapDeltaBytes                        = 1048576                                   {product} {ergonomic}
    uintx NonNMethodCodeHeapSize                   = 5836300                                {pd product} {ergonomic}
    uintx NonProfiledCodeHeapSize                  = 122910970                              {pd product} {ergonomic}
    uintx ProfiledCodeHeapSize                     = 122910970                              {pd product} {ergonomic}
    uintx ReservedCodeCacheSize                    = 251658240                              {pd product} {ergonomic}
     bool SegmentedCodeCache                       = true                                      {product} {ergonomic}
     bool UseCompressedClassPointers               = true                                 {lp64_product} {ergonomic}
     bool UseCompressedOops                        = true                                 {lp64_product} {ergonomic}
     bool UseG1GC                                  = true                                      {product} {ergonomic}
     bool UseLargePagesIndividualAllocation        = false                                  {pd product} {ergonomic}

Logging:
Log output configuration:
 #0: stdout all=warning uptime,level,tags
 #1: stderr all=off uptime,level,tags

Environment Variables:
JAVA_HOME=D:\install\JDK
PATH=C:\Program Files (x86)\Common Files\Oracle\Java\javapath;C:\Windows\system32;C:\Windows;C:\Windows\System32\Wbem;C:\Windows\System32\WindowsPowerShell\v1.0\;C:\Windows\System32\OpenSSH\;C:\Program Files (x86)\NVIDIA Corporation\PhysX\Common;C:\Program Files\NVIDIA Corporation\NVIDIA NvDLISR;C:\Program Files (x86)\NetSarang\Xshell 7\;C:\Program Files\PuTTY\;D:\mingw\mingw64\bin;C:\WINDOWS\system32;C:\WINDOWS;C:\WINDOWS\System32\Wbem;C:\WINDOWS\System32\WindowsPowerShell\v1.0\;C:\WINDOWS\System32\OpenSSH\;C:\Program Files (x86)\NetSarang\Xftp 7\;D:\Anaconda3\Scripts;C:\Program Files\nodejs\;C:\Program Files\nodejs\node_cache;C:\Program Files\nodejs\node_global;D:\install\JDK\bin;D:\install\apache-maven-3.8.3-bin\apache-maven-3.8.3\bin;C:\Program Files\Git\cmd;D:\install\SPSS24\JRE\bin;C:\Users\IRIDESCENT\Program Files\node.js\node_global\node_modules\hexo-cli\bin;D:\AS_SDK\platform-tools;C:\Users\IRIDESCENT\AppData\Local\Microsoft\WindowsApps;C:\Users\IRIDESCENT\AppData\Local\Programs\Microsoft VS Code\bin;D:\mingw64\bin;D:\Anaconda3\Scripts;C:\Users\IRIDESCENT\AppData\Roaming\npm;
USERNAME=IRIDESCENT
OS=Windows_NT
PROCESSOR_IDENTIFIER=Intel64 Family 6 Model 126 Stepping 5, GenuineIntel



---------------  S Y S T E M  ---------------

OS: Windows 10 , 64 bit Build 22000 (10.0.22000.708)
OS uptime: 6 days 18:59 hours

CPU:total 8 (initial active 8) (4 cores per cpu, 2 threads per core) family 6 model 126 stepping 5 microcode 0x86, cmov, cx8, fxsr, mmx, sse, sse2, sse3, ssse3, sse4.1, sse4.2, popcnt, avx, avx2, aes, clmul, erms, 3dnowpref, lzcnt, ht, tsc, tscinvbit, bmi1, bmi2, adx, evex, sha, fma

Memory: 4k page, system-wide physical 16152M (3086M free)
TotalPageFile size 19067M (AvailPageFile size 15M)
current process WorkingSet (physical memory assigned to process): 417M, peak: 420M
current process commit charge ("private bytes"): 501M, peak: 506M

vm_info: OpenJDK 64-Bit Server VM (11.0.12+7-b1504.28-7817840) for windows-amd64 JRE (11.0.12+7-b1504.28-7817840), built on Oct 13 2021 22:12:33 by "builder" with MS VC++ 14.0 (VS2015)

END.
